This is pdfTeX, Version 3.141592653-2.6-1.40.25 (MiKTeX 23.4) (preloaded format=pdflatex 2023.9.20)  25 JAN 2024 09:29
entering extended mode
 restricted \write18 enabled.
 %&-line parsing enabled.
**./HW1.tex
(HW1.tex
LaTeX2e <2022-11-01> patch level 1
L3 programming layer <2023-03-30>
(C:\Users\Jetsan\AppData\Local\Programs\MiKTeX\tex/latex/base\article.cls
Document Class: article 2022/07/02 v1.4n Standard LaTeX document class
(C:\Users\Jetsan\AppData\Local\Programs\MiKTeX\tex/latex/base\size10.clo
File: size10.clo 2022/07/02 v1.4n Standard LaTeX file (size option)
)
\c@part=\count185
\c@section=\count186
\c@subsection=\count187
\c@subsubsection=\count188
\c@paragraph=\count189
\c@subparagraph=\count190
\c@figure=\count191
\c@table=\count192
\abovecaptionskip=\skip48
\belowcaptionskip=\skip49
\bibindent=\dimen140
)
(C:\Users\Jetsan\AppData\Local\Programs\MiKTeX\tex/latex/geometry\geometry.sty
Package: geometry 2020/01/02 v5.9 Page Geometry

(C:\Users\Jetsan\AppData\Local\Programs\MiKTeX\tex/latex/graphics\keyval.sty
Package: keyval 2022/05/29 v1.15 key=value parser (DPC)
\KV@toks@=\toks16
)
(C:\Users\Jetsan\AppData\Local\Programs\MiKTeX\tex/generic/iftex\ifvtex.sty
Package: ifvtex 2019/10/25 v1.7 ifvtex legacy package. Use iftex instead.

(C:\Users\Jetsan\AppData\Local\Programs\MiKTeX\tex/generic/iftex\iftex.sty
Package: iftex 2022/02/03 v1.0f TeX engine tests
))
\Gm@cnth=\count193
\Gm@cntv=\count194
\c@Gm@tempcnt=\count195
\Gm@bindingoffset=\dimen141
\Gm@wd@mp=\dimen142
\Gm@odd@mp=\dimen143
\Gm@even@mp=\dimen144
\Gm@layoutwidth=\dimen145
\Gm@layoutheight=\dimen146
\Gm@layouthoffset=\dimen147
\Gm@layoutvoffset=\dimen148
\Gm@dimlist=\toks17

(C:\Users\Jetsan\AppData\Local\Programs\MiKTeX\tex/latex/geometry\geometry.cfg)
) (C:\Users\Jetsan\AppData\Local\Programs\MiKTeX\tex/latex/amsmath\amsmath.sty
Package: amsmath 2022/04/08 v2.17n AMS math features
\@mathmargin=\skip50

For additional information on amsmath, use the `?' option.
(C:\Users\Jetsan\AppData\Local\Programs\MiKTeX\tex/latex/amsmath\amstext.sty
Package: amstext 2021/08/26 v2.01 AMS text

(C:\Users\Jetsan\AppData\Local\Programs\MiKTeX\tex/latex/amsmath\amsgen.sty
File: amsgen.sty 1999/11/30 v2.0 generic functions
\@emptytoks=\toks18
\ex@=\dimen149
))
(C:\Users\Jetsan\AppData\Local\Programs\MiKTeX\tex/latex/amsmath\amsbsy.sty
Package: amsbsy 1999/11/29 v1.2d Bold Symbols
\pmbraise@=\dimen150
)
(C:\Users\Jetsan\AppData\Local\Programs\MiKTeX\tex/latex/amsmath\amsopn.sty
Package: amsopn 2022/04/08 v2.04 operator names
)
\inf@bad=\count196
LaTeX Info: Redefining \frac on input line 234.
\uproot@=\count197
\leftroot@=\count198
LaTeX Info: Redefining \overline on input line 399.
LaTeX Info: Redefining \colon on input line 410.
\classnum@=\count199
\DOTSCASE@=\count266
LaTeX Info: Redefining \ldots on input line 496.
LaTeX Info: Redefining \dots on input line 499.
LaTeX Info: Redefining \cdots on input line 620.
\Mathstrutbox@=\box51
\strutbox@=\box52
LaTeX Info: Redefining \big on input line 722.
LaTeX Info: Redefining \Big on input line 723.
LaTeX Info: Redefining \bigg on input line 724.
LaTeX Info: Redefining \Bigg on input line 725.
\big@size=\dimen151
LaTeX Font Info:    Redeclaring font encoding OML on input line 743.
LaTeX Font Info:    Redeclaring font encoding OMS on input line 744.
\macc@depth=\count267
LaTeX Info: Redefining \bmod on input line 905.
LaTeX Info: Redefining \pmod on input line 910.
LaTeX Info: Redefining \smash on input line 940.
LaTeX Info: Redefining \relbar on input line 970.
LaTeX Info: Redefining \Relbar on input line 971.
\c@MaxMatrixCols=\count268
\dotsspace@=\muskip16
\c@parentequation=\count269
\dspbrk@lvl=\count270
\tag@help=\toks19
\row@=\count271
\column@=\count272
\maxfields@=\count273
\andhelp@=\toks20
\eqnshift@=\dimen152
\alignsep@=\dimen153
\tagshift@=\dimen154
\tagwidth@=\dimen155
\totwidth@=\dimen156
\lineht@=\dimen157
\@envbody=\toks21
\multlinegap=\skip51
\multlinetaggap=\skip52
\mathdisplay@stack=\toks22
LaTeX Info: Redefining \[ on input line 2953.
LaTeX Info: Redefining \] on input line 2954.
)
(C:\Users\Jetsan\AppData\Local\Programs\MiKTeX\tex/latex/amsfonts\amsfonts.sty
Package: amsfonts 2013/01/14 v3.01 Basic AMSFonts support
\symAMSa=\mathgroup4
\symAMSb=\mathgroup5
LaTeX Font Info:    Redeclaring math symbol \hbar on input line 98.
LaTeX Font Info:    Overwriting math alphabet `\mathfrak' in version `bold'
(Font)                  U/euf/m/n --> U/euf/b/n on input line 106.
) (C:\Users\Jetsan\AppData\Local\Programs\MiKTeX\tex/latex/amsfonts\amssymb.sty
Package: amssymb 2013/01/14 v3.01 AMS font symbols
) (C:\Users\Jetsan\AppData\Local\Programs\MiKTeX\tex/latex/lm\lmodern.sty
Package: lmodern 2015/05/01 v1.6.1 Latin Modern Fonts
LaTeX Font Info:    Overwriting symbol font `operators' in version `normal'
(Font)                  OT1/cmr/m/n --> OT1/lmr/m/n on input line 22.
LaTeX Font Info:    Overwriting symbol font `letters' in version `normal'
(Font)                  OML/cmm/m/it --> OML/lmm/m/it on input line 23.
LaTeX Font Info:    Overwriting symbol font `symbols' in version `normal'
(Font)                  OMS/cmsy/m/n --> OMS/lmsy/m/n on input line 24.
LaTeX Font Info:    Overwriting symbol font `largesymbols' in version `normal'
(Font)                  OMX/cmex/m/n --> OMX/lmex/m/n on input line 25.
LaTeX Font Info:    Overwriting symbol font `operators' in version `bold'
(Font)                  OT1/cmr/bx/n --> OT1/lmr/bx/n on input line 26.
LaTeX Font Info:    Overwriting symbol font `letters' in version `bold'
(Font)                  OML/cmm/b/it --> OML/lmm/b/it on input line 27.
LaTeX Font Info:    Overwriting symbol font `symbols' in version `bold'
(Font)                  OMS/cmsy/b/n --> OMS/lmsy/b/n on input line 28.
LaTeX Font Info:    Overwriting symbol font `largesymbols' in version `bold'
(Font)                  OMX/cmex/m/n --> OMX/lmex/m/n on input line 29.
LaTeX Font Info:    Overwriting math alphabet `\mathbf' in version `normal'
(Font)                  OT1/cmr/bx/n --> OT1/lmr/bx/n on input line 31.
LaTeX Font Info:    Overwriting math alphabet `\mathsf' in version `normal'
(Font)                  OT1/cmss/m/n --> OT1/lmss/m/n on input line 32.
LaTeX Font Info:    Overwriting math alphabet `\mathit' in version `normal'
(Font)                  OT1/cmr/m/it --> OT1/lmr/m/it on input line 33.
LaTeX Font Info:    Overwriting math alphabet `\mathtt' in version `normal'
(Font)                  OT1/cmtt/m/n --> OT1/lmtt/m/n on input line 34.
LaTeX Font Info:    Overwriting math alphabet `\mathbf' in version `bold'
(Font)                  OT1/cmr/bx/n --> OT1/lmr/bx/n on input line 35.
LaTeX Font Info:    Overwriting math alphabet `\mathsf' in version `bold'
(Font)                  OT1/cmss/bx/n --> OT1/lmss/bx/n on input line 36.
LaTeX Font Info:    Overwriting math alphabet `\mathit' in version `bold'
(Font)                  OT1/cmr/bx/it --> OT1/lmr/bx/it on input line 37.
LaTeX Font Info:    Overwriting math alphabet `\mathtt' in version `bold'
(Font)                  OT1/cmtt/m/n --> OT1/lmtt/m/n on input line 38.
)
(C:\Users\Jetsan\AppData\Local\Programs\MiKTeX\tex/latex/base\fontenc.sty
Package: fontenc 2021/04/29 v2.0v Standard LaTeX package
LaTeX Font Info:    Trying to load font information for T1+lmr on input line 11
2.

(C:\Users\Jetsan\AppData\Local\Programs\MiKTeX\tex/latex/lm\t1lmr.fd
File: t1lmr.fd 2015/05/01 v1.6.1 Font defs for Latin Modern
))
(C:\Users\Jetsan\AppData\Local\Programs\MiKTeX\tex/latex/base\inputenc.sty
Package: inputenc 2021/02/14 v1.3d Input encoding file
\inpenc@prehook=\toks23
\inpenc@posthook=\toks24
)
(C:\Users\Jetsan\AppData\Local\Programs\MiKTeX\tex/latex/base\textcomp.sty
Package: textcomp 2020/02/02 v2.0n Standard LaTeX package
)
(C:\Users\Jetsan\AppData\Local\Programs\MiKTeX\tex/latex/upquote\upquote.sty
Package: upquote 2012/04/19 v1.3 upright-quote and grave-accent glyphs in verba
tim
)
(C:\Users\Jetsan\AppData\Local\Programs\MiKTeX\tex/latex/microtype\microtype.st
y
Package: microtype 2023/03/13 v3.1a Micro-typographical refinements (RS)

(C:\Users\Jetsan\AppData\Local\Programs\MiKTeX\tex/latex/etoolbox\etoolbox.sty
Package: etoolbox 2020/10/05 v2.5k e-TeX tools for LaTeX (JAW)
\etb@tempcnta=\count274
)
\MT@toks=\toks25
\MT@tempbox=\box53
\MT@count=\count275
LaTeX Info: Redefining \noprotrusionifhmode on input line 1059.
LaTeX Info: Redefining \leftprotrusion on input line 1060.
\MT@prot@toks=\toks26
LaTeX Info: Redefining \rightprotrusion on input line 1078.
LaTeX Info: Redefining \textls on input line 1368.
\MT@outer@kern=\dimen158
LaTeX Info: Redefining \textmicrotypecontext on input line 1988.
\MT@listname@count=\count276

(C:\Users\Jetsan\AppData\Local\Programs\MiKTeX\tex/latex/microtype\microtype-pd
ftex.def
File: microtype-pdftex.def 2023/03/13 v3.1a Definitions specific to pdftex (RS)

LaTeX Info: Redefining \lsstyle on input line 902.
LaTeX Info: Redefining \lslig on input line 902.
\MT@outer@space=\skip53
)
Package microtype Info: Loading configuration file microtype.cfg.

(C:\Users\Jetsan\AppData\Local\Programs\MiKTeX\tex/latex/microtype\microtype.cf
g
File: microtype.cfg 2023/03/13 v3.1a microtype main configuration file (RS)
))
(C:\Users\Jetsan\AppData\Local\Programs\MiKTeX\tex/latex/parskip\parskip.sty
Package: parskip 2021-03-14 v2.0h non-zero parskip adjustments

(C:\Users\Jetsan\AppData\Local\Programs\MiKTeX\tex/latex/kvoptions\kvoptions.st
y
Package: kvoptions 2022-06-15 v3.15 Key value format for package options (HO)

(C:\Users\Jetsan\AppData\Local\Programs\MiKTeX\tex/generic/ltxcmds\ltxcmds.sty
Package: ltxcmds 2020-05-10 v1.25 LaTeX kernel commands for general use (HO)
)
(C:\Users\Jetsan\AppData\Local\Programs\MiKTeX\tex/latex/kvsetkeys\kvsetkeys.st
y
Package: kvsetkeys 2022-10-05 v1.19 Key value parser (HO)
))) (C:\Users\Jetsan\AppData\Local\Programs\MiKTeX\tex/latex/xcolor\xcolor.sty
Package: xcolor 2022/06/12 v2.14 LaTeX color extensions (UK)

(C:\Users\Jetsan\AppData\Local\Programs\MiKTeX\tex/latex/graphics-cfg\color.cfg
File: color.cfg 2016/01/02 v1.6 sample color configuration
)
Package xcolor Info: Driver file: pdftex.def on input line 227.

(C:\Users\Jetsan\AppData\Local\Programs\MiKTeX\tex/latex/graphics-def\pdftex.de
f
File: pdftex.def 2022/09/22 v1.2b Graphics/color driver for pdftex
)
(C:\Users\Jetsan\AppData\Local\Programs\MiKTeX\tex/latex/graphics\mathcolor.ltx
)
Package xcolor Info: Model `cmy' substituted by `cmy0' on input line 1353.
Package xcolor Info: Model `hsb' substituted by `rgb' on input line 1357.
Package xcolor Info: Model `RGB' extended on input line 1369.
Package xcolor Info: Model `HTML' substituted by `rgb' on input line 1371.
Package xcolor Info: Model `Hsb' substituted by `hsb' on input line 1372.
Package xcolor Info: Model `tHsb' substituted by `hsb' on input line 1373.
Package xcolor Info: Model `HSB' substituted by `hsb' on input line 1374.
Package xcolor Info: Model `Gray' substituted by `gray' on input line 1375.
Package xcolor Info: Model `wave' substituted by `hsb' on input line 1376.
) (C:\Users\Jetsan\AppData\Local\Programs\MiKTeX\tex/latex/tools\longtable.sty
Package: longtable 2021-09-01 v4.17 Multi-page Table package (DPC)
\LTleft=\skip54
\LTright=\skip55
\LTpre=\skip56
\LTpost=\skip57
\LTchunksize=\count277
\LTcapwidth=\dimen159
\LT@head=\box54
\LT@firsthead=\box55
\LT@foot=\box56
\LT@lastfoot=\box57
\LT@gbox=\box58
\LT@cols=\count278
\LT@rows=\count279
\c@LT@tables=\count280
\c@LT@chunks=\count281
\LT@p@ftn=\toks27
)
(C:\Users\Jetsan\AppData\Local\Programs\MiKTeX\tex/latex/booktabs\booktabs.sty
Package: booktabs 2020/01/12 v1.61803398 Publication quality tables
\heavyrulewidth=\dimen160
\lightrulewidth=\dimen161
\cmidrulewidth=\dimen162
\belowrulesep=\dimen163
\belowbottomsep=\dimen164
\aboverulesep=\dimen165
\abovetopsep=\dimen166
\cmidrulesep=\dimen167
\cmidrulekern=\dimen168
\defaultaddspace=\dimen169
\@cmidla=\count282
\@cmidlb=\count283
\@aboverulesep=\dimen170
\@belowrulesep=\dimen171
\@thisruleclass=\count284
\@lastruleclass=\count285
\@thisrulewidth=\dimen172
) (C:\Users\Jetsan\AppData\Local\Programs\MiKTeX\tex/latex/tools\array.sty
Package: array 2022/09/04 v2.5g Tabular extension package (FMi)
\col@sep=\dimen173
\ar@mcellbox=\box59
\extrarowheight=\dimen174
\NC@list=\toks28
\extratabsurround=\skip58
\backup@length=\skip59
\ar@cellbox=\box60
)
(C:\Users\Jetsan\AppData\Local\Programs\MiKTeX\tex/latex/multirow\multirow.sty
Package: multirow 2021/03/15 v2.8 Span multiple rows of a table
\multirow@colwidth=\skip60
\multirow@cntb=\count286
\multirow@dima=\skip61
\bigstrutjot=\dimen175
) (C:\Users\Jetsan\AppData\Local\Programs\MiKTeX\tex/latex/tools\calc.sty
Package: calc 2017/05/25 v4.3 Infix arithmetic (KKT,FJ)
\calc@Acount=\count287
\calc@Bcount=\count288
\calc@Adimen=\dimen176
\calc@Bdimen=\dimen177
\calc@Askip=\skip62
\calc@Bskip=\skip63
LaTeX Info: Redefining \setlength on input line 80.
LaTeX Info: Redefining \addtolength on input line 81.
\calc@Ccount=\count289
\calc@Cskip=\skip64
)
(C:\Users\Jetsan\AppData\Local\Programs\MiKTeX\tex/latex/footnotehyper\footnote
hyper.sty
Package: footnotehyper 2021/08/13 v1.1e hyperref aware footnote.sty (JFB)
\FNH@notes=\box61
\FNH@width=\dimen178
\FNH@toks=\toks29
)
(C:\Users\Jetsan\AppData\Local\Programs\MiKTeX\tex/latex/graphics\graphicx.sty
Package: graphicx 2021/09/16 v1.2d Enhanced LaTeX Graphics (DPC,SPQR)

(C:\Users\Jetsan\AppData\Local\Programs\MiKTeX\tex/latex/graphics\graphics.sty
Package: graphics 2022/03/10 v1.4e Standard LaTeX Graphics (DPC,SPQR)

(C:\Users\Jetsan\AppData\Local\Programs\MiKTeX\tex/latex/graphics\trig.sty
Package: trig 2021/08/11 v1.11 sin cos tan (DPC)
)
(C:\Users\Jetsan\AppData\Local\Programs\MiKTeX\tex/latex/graphics-cfg\graphics.
cfg
File: graphics.cfg 2016/06/04 v1.11 sample graphics configuration
)
Package graphics Info: Driver file: pdftex.def on input line 107.
)
\Gin@req@height=\dimen179
\Gin@req@width=\dimen180
)
(C:\Users\Jetsan\AppData\Local\Programs\MiKTeX\tex/latex/bookmark\bookmark.sty
Package: bookmark 2023-12-10 v1.31 PDF bookmarks (HO)

(C:\Users\Jetsan\AppData\Local\Programs\MiKTeX\tex/latex/hyperref\hyperref.sty
Package: hyperref 2023-02-07 v7.00v Hypertext links for LaTeX

(C:\Users\Jetsan\AppData\Local\Programs\MiKTeX\tex/generic/pdftexcmds\pdftexcmd
s.sty
Package: pdftexcmds 2020-06-27 v0.33 Utility functions of pdfTeX for LuaTeX (HO
)

(C:\Users\Jetsan\AppData\Local\Programs\MiKTeX\tex/generic/infwarerr\infwarerr.
sty
Package: infwarerr 2019/12/03 v1.5 Providing info/warning/error messages (HO)
)
Package pdftexcmds Info: \pdf@primitive is available.
Package pdftexcmds Info: \pdf@ifprimitive is available.
Package pdftexcmds Info: \pdfdraftmode found.
)
(C:\Users\Jetsan\AppData\Local\Programs\MiKTeX\tex/generic/kvdefinekeys\kvdefin
ekeys.sty
Package: kvdefinekeys 2019-12-19 v1.6 Define keys (HO)
)
(C:\Users\Jetsan\AppData\Local\Programs\MiKTeX\tex/generic/pdfescape\pdfescape.
sty
Package: pdfescape 2019/12/09 v1.15 Implements pdfTeX's escape features (HO)
)
(C:\Users\Jetsan\AppData\Local\Programs\MiKTeX\tex/latex/hycolor\hycolor.sty
Package: hycolor 2020-01-27 v1.10 Color options for hyperref/bookmark (HO)
)
(C:\Users\Jetsan\AppData\Local\Programs\MiKTeX\tex/latex/letltxmacro\letltxmacr
o.sty
Package: letltxmacro 2019/12/03 v1.6 Let assignment for LaTeX macros (HO)
)
(C:\Users\Jetsan\AppData\Local\Programs\MiKTeX\tex/latex/auxhook\auxhook.sty
Package: auxhook 2019-12-17 v1.6 Hooks for auxiliary files (HO)
)
(C:\Users\Jetsan\AppData\Local\Programs\MiKTeX\tex/latex/hyperref\nameref.sty
Package: nameref 2022-05-17 v2.50 Cross-referencing by name of section

(C:\Users\Jetsan\AppData\Local\Programs\MiKTeX\tex/latex/refcount\refcount.sty
Package: refcount 2019/12/15 v3.6 Data extraction from label references (HO)
)
(C:\Users\Jetsan\AppData\Local\Programs\MiKTeX\tex/generic/gettitlestring\getti
tlestring.sty
Package: gettitlestring 2019/12/15 v1.6 Cleanup title references (HO)
)
\c@section@level=\count290
)
\@linkdim=\dimen181
\Hy@linkcounter=\count291
\Hy@pagecounter=\count292

(C:\Users\Jetsan\AppData\Local\Programs\MiKTeX\tex/latex/hyperref\pd1enc.def
File: pd1enc.def 2023-02-07 v7.00v Hyperref: PDFDocEncoding definition (HO)
Now handling font encoding PD1 ...
... no UTF-8 mapping file for font encoding PD1
)
(C:\Users\Jetsan\AppData\Local\Programs\MiKTeX\tex/generic/intcalc\intcalc.sty
Package: intcalc 2019/12/15 v1.3 Expandable calculations with integers (HO)
)
(C:\Users\Jetsan\AppData\Local\Programs\MiKTeX\tex/generic/etexcmds\etexcmds.st
y
Package: etexcmds 2019/12/15 v1.7 Avoid name clashes with e-TeX commands (HO)
)
\Hy@SavedSpaceFactor=\count293
 (C:\Users\Jetsan\AppData\Local\Programs\MiKTeX\tex/latex/hyperref\puenc.def
File: puenc.def 2023-02-07 v7.00v Hyperref: PDF Unicode definition (HO)
Now handling font encoding PU ...
... no UTF-8 mapping file for font encoding PU
)
Package hyperref Info: Option `unicode' set `true' on input line 4060.
Package hyperref Info: Hyper figures OFF on input line 4177.
Package hyperref Info: Link nesting OFF on input line 4182.
Package hyperref Info: Hyper index ON on input line 4185.
Package hyperref Info: Plain pages OFF on input line 4192.
Package hyperref Info: Backreferencing OFF on input line 4197.
Package hyperref Info: Implicit mode ON; LaTeX internals redefined.
Package hyperref Info: Bookmarks ON on input line 4425.
\c@Hy@tempcnt=\count294
(C:\Users\Jetsan\AppData\Local\Programs\MiKTeX\tex/latex/url\url.sty
\Urlmuskip=\muskip17
Package: url 2013/09/16  ver 3.4  Verb mode for urls, etc.
)
LaTeX Info: Redefining \url on input line 4763.
\XeTeXLinkMargin=\dimen182

(C:\Users\Jetsan\AppData\Local\Programs\MiKTeX\tex/generic/bitset\bitset.sty
Package: bitset 2019/12/09 v1.3 Handle bit-vector datatype (HO)

(C:\Users\Jetsan\AppData\Local\Programs\MiKTeX\tex/generic/bigintcalc\bigintcal
c.sty
Package: bigintcalc 2019/12/15 v1.5 Expandable calculations on big integers (HO
)
))
\Fld@menulength=\count295
\Field@Width=\dimen183
\Fld@charsize=\dimen184
Package hyperref Info: Hyper figures OFF on input line 6042.
Package hyperref Info: Link nesting OFF on input line 6047.
Package hyperref Info: Hyper index ON on input line 6050.
Package hyperref Info: backreferencing OFF on input line 6057.
Package hyperref Info: Link coloring OFF on input line 6062.
Package hyperref Info: Link coloring with OCG OFF on input line 6067.
Package hyperref Info: PDF/A mode OFF on input line 6072.

(C:\Users\Jetsan\AppData\Local\Programs\MiKTeX\tex/latex/base\atbegshi-ltx.sty
Package: atbegshi-ltx 2021/01/10 v1.0c Emulation of the original atbegshi
package with kernel methods
)
\Hy@abspage=\count296
\c@Item=\count297
\c@Hfootnote=\count298
)
Package hyperref Info: Driver (autodetected): hpdftex.
 (C:\Users\Jetsan\AppData\Local\Programs\MiKTeX\tex/latex/hyperref\hpdftex.def
File: hpdftex.def 2023-02-07 v7.00v Hyperref driver for pdfTeX

(C:\Users\Jetsan\AppData\Local\Programs\MiKTeX\tex/latex/base\atveryend-ltx.sty
Package: atveryend-ltx 2020/08/19 v1.0a Emulation of the original atveryend pac
kage
with kernel methods
)
\Fld@listcount=\count299
\c@bookmark@seq@number=\count300

(C:\Users\Jetsan\AppData\Local\Programs\MiKTeX\tex/latex/rerunfilecheck\rerunfi
lecheck.sty
Package: rerunfilecheck 2022-07-10 v1.10 Rerun checks for auxiliary files (HO)

(C:\Users\Jetsan\AppData\Local\Programs\MiKTeX\tex/generic/uniquecounter\unique
counter.sty
Package: uniquecounter 2019/12/15 v1.4 Provide unlimited unique counter (HO)
)
Package uniquecounter Info: New unique counter `rerunfilecheck' on input line 2
85.
)
\Hy@SectionHShift=\skip65
)
(C:\Users\Jetsan\AppData\Local\Programs\MiKTeX\tex/latex/bookmark\bkm-pdftex.de
f
File: bkm-pdftex.def 2023-12-10 v1.31 bookmark driver for pdfTeX and luaTeX (HO
)
\BKM@id=\count301
)) (C:\Users\Jetsan\AppData\Local\Programs\MiKTeX\tex/latex/xurl\xurl.sty
Package: xurl 2022/01/09 v 0.10 modify URL breaks
)
(C:\Users\Jetsan\AppData\Local\Programs\MiKTeX\tex/latex/listings\listings.sty
\lst@mode=\count302
\lst@gtempboxa=\box62
\lst@token=\toks30
\lst@length=\count303
\lst@currlwidth=\dimen185
\lst@column=\count304
\lst@pos=\count305
\lst@lostspace=\dimen186
\lst@width=\dimen187
\lst@newlines=\count306
\lst@lineno=\count307
\lst@maxwidth=\dimen188

(C:\Users\Jetsan\AppData\Local\Programs\MiKTeX\tex/latex/listings\lstmisc.sty
File: lstmisc.sty 2023/02/27 1.9 (Carsten Heinz)
\c@lstnumber=\count308
\lst@skipnumbers=\count309
\lst@framebox=\box63
)
(C:\Users\Jetsan\AppData\Local\Programs\MiKTeX\tex/latex/listings\listings.cfg
File: listings.cfg 2023/02/27 1.9 listings configuration
))
Package: listings 2023/02/27 1.9 (Carsten Heinz)

(C:\Users\Jetsan\AppData\Local\Programs\MiKTeX\tex/latex/listings\lstlang1.sty
File: lstlang1.sty 2023/02/27 1.9 listings language file
) (C:\Users\Jetsan\AppData\Local\Programs\MiKTeX\tex/latex/listings\lstmisc.sty
File: lstmisc.sty 2023/02/27 1.9 (Carsten Heinz)
) (C:\Users\Jetsan\AppData\Local\Programs\MiKTeX\tex/latex/tools\multicol.sty
Package: multicol 2021/11/30 v1.9d multicolumn formatting (FMi)
\c@tracingmulticols=\count310
\mult@box=\box64
\multicol@leftmargin=\dimen189
\c@unbalance=\count311
\c@collectmore=\count312
\doublecol@number=\count313
\multicoltolerance=\count314
\multicolpretolerance=\count315
\full@width=\dimen190
\page@free=\dimen191
\premulticols=\dimen192
\postmulticols=\dimen193
\multicolsep=\skip66
\multicolbaselineskip=\skip67
\partial@page=\box65
\last@line=\box66
\maxbalancingoverflow=\dimen194
\mult@rightbox=\box67
\mult@grightbox=\box68
\mult@firstbox=\box69
\mult@gfirstbox=\box70
\@tempa=\box71
\@tempa=\box72
\@tempa=\box73
\@tempa=\box74
\@tempa=\box75
\@tempa=\box76
\@tempa=\box77
\@tempa=\box78
\@tempa=\box79
\@tempa=\box80
\@tempa=\box81
\@tempa=\box82
\@tempa=\box83
\@tempa=\box84
\@tempa=\box85
\@tempa=\box86
\@tempa=\box87
\@tempa=\box88
\@tempa=\box89
\@tempa=\box90
\@tempa=\box91
\@tempa=\box92
\@tempa=\box93
\@tempa=\box94
\@tempa=\box95
\@tempa=\box96
\@tempa=\box97
\@tempa=\box98
\@tempa=\box99
\@tempa=\box100
\@tempa=\box101
\@tempa=\box102
\@tempa=\box103
\@tempa=\box104
\@tempa=\box105
\@tempa=\box106
\c@minrows=\count316
\c@columnbadness=\count317
\c@finalcolumnbadness=\count318
\last@try=\dimen195
\multicolovershoot=\dimen196
\multicolundershoot=\dimen197
\mult@nat@firstbox=\box107
\colbreak@box=\box108
\mc@col@check@num=\count319
)
(C:\Users\Jetsan\AppData\Local\Programs\MiKTeX\tex/latex/epstopdf-pkg\epstopdf.
sty
Package: epstopdf 2020-01-24 v2.11 Conversion with epstopdf on the fly (HO)
 (C:\Users\Jetsan\AppData\Local\Programs\MiKTeX\tex/latex/grfext\grfext.sty
Package: grfext 2019/12/03 v1.3 Manage graphics extensions (HO)
)
(C:\Users\Jetsan\AppData\Local\Programs\MiKTeX\tex/latex/epstopdf-pkg\epstopdf-
base.sty
Package: epstopdf-base 2020-01-24 v2.11 Base part for package epstopdf
Package epstopdf-base Info: Redefining graphics rule for `.eps' on input line 4
85.
Package grfext Info: Graphics extension search list:
(grfext)             [.pdf,.png,.jpg,.mps,.jpeg,.jbig2,.jb2,.PDF,.PNG,.JPG,.JPE
G,.JBIG2,.JB2,.eps]
(grfext)             \AppendGraphicsExtensions on input line 504.

(C:\Users\Jetsan\AppData\Local\Programs\MiKTeX\tex/latex/00miktex\epstopdf-sys.
cfg
File: epstopdf-sys.cfg 2021/03/18 v2.0 Configuration of epstopdf for MiKTeX
)))
Package grfext Info: Graphics extension search list:
(grfext)             [.pdf,.png,.jpg,.mps,.jpeg,.jbig2,.jb2,.PDF,.PNG,.JPG,.JPE
G,.JBIG2,.JB2,.eps,.gif]
(grfext)             \AppendGraphicsExtensions on input line 112.

(C:\Users\Jetsan\AppData\Local\Programs\MiKTeX\tex/latex/chngcntr\chngcntr.sty
Package: chngcntr 2018/04/09 v1.1a change counter resetting
Package chngcntr Info: \counterwithout already defined.
(chngcntr)             Quitting chngcntr on input line 21.
) (C:\Users\Jetsan\AppData\Local\Programs\MiKTeX\tex/latex/float\float.sty
Package: float 2001/11/08 v1.3d Float enhancements (AL)
\c@float@type=\count320
\float@exts=\toks31
\float@box=\box109
\@float@everytoks=\toks32
\@floatcapt=\box110
)
(C:\Users\Jetsan\AppData\Local\Programs\MiKTeX\tex/latex/l3backend\l3backend-pd
ftex.def
File: l3backend-pdftex.def 2023-03-30 L3 backend support: PDF output (pdfTeX)
\l__color_backend_stack_int=\count321
\l__pdf_internal_box=\box111
) (HW1.aux

LaTeX Warning: Label `eq:VF' multiply defined.


LaTeX Warning: Label `eq:VOUT' multiply defined.


LaTeX Warning: Label `eq:VOUT' multiply defined.


LaTeX Warning: Label `eq:VOUT' multiply defined.

)
\openout1 = `HW1.aux'.

LaTeX Font Info:    Checking defaults for OML/cmm/m/it on input line 126.
LaTeX Font Info:    ... okay on input line 126.
LaTeX Font Info:    Checking defaults for OMS/cmsy/m/n on input line 126.
LaTeX Font Info:    ... okay on input line 126.
LaTeX Font Info:    Checking defaults for OT1/cmr/m/n on input line 126.
LaTeX Font Info:    ... okay on input line 126.
LaTeX Font Info:    Checking defaults for T1/cmr/m/n on input line 126.
LaTeX Font Info:    ... okay on input line 126.
LaTeX Font Info:    Checking defaults for TS1/cmr/m/n on input line 126.
LaTeX Font Info:    ... okay on input line 126.
LaTeX Font Info:    Checking defaults for OMX/cmex/m/n on input line 126.
LaTeX Font Info:    ... okay on input line 126.
LaTeX Font Info:    Checking defaults for U/cmr/m/n on input line 126.
LaTeX Font Info:    ... okay on input line 126.
LaTeX Font Info:    Checking defaults for PD1/pdf/m/n on input line 126.
LaTeX Font Info:    ... okay on input line 126.
LaTeX Font Info:    Checking defaults for PU/pdf/m/n on input line 126.
LaTeX Font Info:    ... okay on input line 126.

*geometry* driver: auto-detecting
*geometry* detected driver: pdftex
*geometry* verbose mode - [ preamble ] result:
* driver: pdftex
* paper: a4paper
* layout: <same size as paper>
* layoutoffset:(h,v)=(0.0pt,0.0pt)
* modes: 
* h-part:(L,W,R)=(71.13188pt, 455.24411pt, 71.13188pt)
* v-part:(T,H,B)=(101.40665pt, 591.5302pt, 152.11pt)
* \paperwidth=597.50787pt
* \paperheight=845.04684pt
* \textwidth=455.24411pt
* \textheight=591.5302pt
* \oddsidemargin=-1.1381pt
* \evensidemargin=-1.1381pt
* \topmargin=-7.86334pt
* \headheight=12.0pt
* \headsep=25.0pt
* \topskip=10.0pt
* \footskip=30.0pt
* \marginparwidth=57.0pt
* \marginparsep=11.0pt
* \columnsep=10.0pt
* \skip\footins=9.0pt plus 4.0pt minus 2.0pt
* \hoffset=0.0pt
* \voffset=0.0pt
* \mag=1000
* \@twocolumnfalse
* \@twosidefalse
* \@mparswitchfalse
* \@reversemarginfalse
* (1in=72.27pt=25.4mm, 1cm=28.453pt)

LaTeX Info: Redefining \microtypecontext on input line 126.
Package microtype Info: Applying patch `item' on input line 126.
Package microtype Info: Applying patch `toc' on input line 126.
Package microtype Info: Applying patch `eqnum' on input line 126.
Package microtype Info: Applying patch `footnote' on input line 126.
Package microtype Info: Applying patch `verbatim' on input line 126.
Package microtype Info: Generating PDF output.
Package microtype Info: Character protrusion enabled (level 2).
Package microtype Info: Using protrusion set `basicmath'.
Package microtype Info: Automatic font expansion enabled (level 2),
(microtype)             stretch: 20, shrink: 20, step: 1, non-selected.
Package microtype Info: Using default expansion set `alltext-nott'.
LaTeX Info: Redefining \showhyphens on input line 126.
Package microtype Info: No adjustment of tracking.
Package microtype Info: No adjustment of interword spacing.
Package microtype Info: No adjustment of character kerning.
(C:\Users\Jetsan\AppData\Local\Programs\MiKTeX\tex/latex/microtype\mt-cmr.cfg
File: mt-cmr.cfg 2013/05/19 v2.2 microtype config. file: Computer Modern Roman 
(RS)
)
(C:\Users\Jetsan\AppData\Local\Programs\MiKTeX\tex/context/base/mkii\supp-pdf.m
kii
[Loading MPS to PDF converter (version 2006.09.02).]
\scratchcounter=\count322
\scratchdimen=\dimen198
\scratchbox=\box112
\nofMPsegments=\count323
\nofMParguments=\count324
\everyMPshowfont=\toks33
\MPscratchCnt=\count325
\MPscratchDim=\dimen199
\MPnumerator=\count326
\makeMPintoPDFobject=\count327
\everyMPtoPDFconversion=\toks34
)
Package hyperref Info: Link coloring OFF on input line 126.
\c@lstlisting=\count328
<images/TwoStageCMOSAMP.png, id=4, 288.3272pt x 185.19188pt>
File: images/TwoStageCMOSAMP.png Graphic file (type png)
<use images/TwoStageCMOSAMP.png>
Package pdftex.def Info: images/TwoStageCMOSAMP.png  used on input line 154.
(pdftex.def)             Requested size: 288.33087pt x 185.19423pt.
<images/TIOpAmpSchematic.png, id=8, 639.13782pt x 421.575pt>
File: images/TIOpAmpSchematic.png Graphic file (type png)
<use images/TIOpAmpSchematic.png>
Package pdftex.def Info: images/TIOpAmpSchematic.png  used on input line 175.
(pdftex.def)             Requested size: 433.62297pt x 286.01749pt.

Underfull \hbox (badness 10000) in paragraph at lines 172--177

 []

[1

{C:/Users/Jetsan/AppData/Local/MiKTeX/fonts/map/pdftex/pdftex.map}{C:/Users/Jet
san/AppData/Local/Programs/MiKTeX/fonts/enc/dvips/lm/lm-ec.enc}
pdfTeX warning (ext4): destination with the same identifier (name{figure.1}) ha
s been already used, duplicate ignored
<argument> ...shipout:D \box_use:N \l_shipout_box 
                                                  \__shipout_drop_firstpage_...
l.177 \end{figure}
                   <./images/TwoStageCMOSAMP.png>]

Package hyperref Warning: Suppressing empty link on input line 179.

<images/TICMSchematic.png, id=24, 501.37312pt x 381.67593pt>
File: images/TICMSchematic.png Graphic file (type png)
<use images/TICMSchematic.png>
Package pdftex.def Info: images/TICMSchematic.png  used on input line 185.
(pdftex.def)             Requested size: 216.81029pt x 165.04927pt.
[2
pdfTeX warning (ext4): destination with the same identifier (name{figure.2}) ha
s been already used, duplicate ignored
<argument> ...shipout:D \box_use:N \l_shipout_box 
                                                  \__shipout_drop_firstpage_...
l.188 
       <./images/TIOpAmpSchematic.png>]
<images/problem3.png, id=33, 413.29407pt x 269.50688pt>
File: images/problem3.png Graphic file (type png)
<use images/problem3.png>
Package pdftex.def Info: images/problem3.png  used on input line 193.
(pdftex.def)             Requested size: 413.29935pt x 269.51031pt.

Overfull \hbox (8.0553pt too wide) in paragraph at lines 193--194
[][] 
 []


Underfull \hbox (badness 10000) in paragraph at lines 193--194

 []

LaTeX Font Info:    Trying to load font information for OT1+lmr on input line 1
95.
(C:\Users\Jetsan\AppData\Local\Programs\MiKTeX\tex/latex/lm\ot1lmr.fd
File: ot1lmr.fd 2015/05/01 v1.6.1 Font defs for Latin Modern
)
LaTeX Font Info:    Trying to load font information for OML+lmm on input line 1
95.

(C:\Users\Jetsan\AppData\Local\Programs\MiKTeX\tex/latex/lm\omllmm.fd
File: omllmm.fd 2015/05/01 v1.6.1 Font defs for Latin Modern
)
LaTeX Font Info:    Trying to load font information for OMS+lmsy on input line 
195.

(C:\Users\Jetsan\AppData\Local\Programs\MiKTeX\tex/latex/lm\omslmsy.fd
File: omslmsy.fd 2015/05/01 v1.6.1 Font defs for Latin Modern
)
LaTeX Font Info:    Trying to load font information for OMX+lmex on input line 
195.

(C:\Users\Jetsan\AppData\Local\Programs\MiKTeX\tex/latex/lm\omxlmex.fd
File: omxlmex.fd 2015/05/01 v1.6.1 Font defs for Latin Modern
)
LaTeX Font Info:    External font `lmex10' loaded for size
(Font)              <10> on input line 195.
LaTeX Font Info:    External font `lmex10' loaded for size
(Font)              <7> on input line 195.
LaTeX Font Info:    External font `lmex10' loaded for size
(Font)              <5> on input line 195.
LaTeX Font Info:    Trying to load font information for U+msa on input line 195
.

(C:\Users\Jetsan\AppData\Local\Programs\MiKTeX\tex/latex/amsfonts\umsa.fd
File: umsa.fd 2013/01/14 v3.01 AMS symbols A
)
(C:\Users\Jetsan\AppData\Local\Programs\MiKTeX\tex/latex/microtype\mt-msa.cfg
File: mt-msa.cfg 2006/02/04 v1.1 microtype config. file: AMS symbols (a) (RS)
)
LaTeX Font Info:    Trying to load font information for U+msb on input line 195
.

(C:\Users\Jetsan\AppData\Local\Programs\MiKTeX\tex/latex/amsfonts\umsb.fd
File: umsb.fd 2013/01/14 v3.01 AMS symbols B
)
(C:\Users\Jetsan\AppData\Local\Programs\MiKTeX\tex/latex/microtype\mt-msb.cfg
File: mt-msb.cfg 2005/06/01 v1.0 microtype config. file: AMS symbols (b) (RS)
)
[3
pdfTeX warning (ext4): destination with the same identifier (name{figure.3}) ha
s been already used, duplicate ignored
<argument> ...shipout:D \box_use:N \l_shipout_box 
                                                  \__shipout_drop_firstpage_...
l.196 
      {C:/Users/Jetsan/AppData/Local/Programs/MiKTeX/fonts/enc/dvips/lm/lm-math
it.enc} <./images/TICMSchematic.png> <./images/problem3.png>]
Underfull \hbox (badness 10000) in paragraph at lines 197--198

 []

LaTeX Font Info:    Trying to load font information for TS1+lmr on input line 2
02.
(C:\Users\Jetsan\AppData\Local\Programs\MiKTeX\tex/latex/lm\ts1lmr.fd
File: ts1lmr.fd 2015/05/01 v1.6.1 Font defs for Latin Modern
)
Underfull \hbox (badness 10000) in paragraph at lines 202--203

 []


Underfull \hbox (badness 10000) in paragraph at lines 207--210

 []


Underfull \hbox (badness 10000) in paragraph at lines 211--212

 []


Underfull \hbox (badness 10000) in paragraph at lines 214--215

 []


Underfull \hbox (badness 10000) in paragraph at lines 218--220

 []


Underfull \hbox (badness 10000) in paragraph at lines 240--241

 []


Underfull \hbox (badness 10000) in paragraph at lines 245--247

 []


Underfull \hbox (badness 10000) in paragraph at lines 298--299

 []

[4{C:/Users/Jetsan/AppData/Local/Programs/MiKTeX/fonts/enc/dvips/lm/lm-ts1.enc}
{C:/Users/Jetsan/AppData/Local/Programs/MiKTeX/fonts/enc/dvips/lm/lm-mathsy.enc
}{C:/Users/Jetsan/AppData/Local/Programs/MiKTeX/fonts/enc/dvips/lm/lm-rm.enc}]
pdfTeX warning (ext4): destination with the same identifier (name{equation.0.0.
1}) has been already used, duplicate ignored
<to be read again> 
                   \relax 
l.305 \begin{equation}
                      
pdfTeX warning (ext4): destination with the same identifier (name{equation.0.0.
1}) has been already used, duplicate ignored
<to be read again> 
                   \relax 
l.305 \begin{equation}
                      
pdfTeX warning (ext4): destination with the same identifier (name{equation.0.0.
1}) has been already used, duplicate ignored
<to be read again> 
                   \relax 
l.305 \begin{equation}
                      
pdfTeX warning (ext4): destination with the same identifier (name{equation.0.0.
1}) has been already used, duplicate ignored
<to be read again> 
                   \relax 
l.305 \begin{equation}
                      
pdfTeX warning (ext4): destination with the same identifier (name{equation.0.0.
2}) has been already used, duplicate ignored
<to be read again> 
                   \relax 
l.310 \begin{equation}
                      
pdfTeX warning (ext4): destination with the same identifier (name{equation.0.0.
2}) has been already used, duplicate ignored
<to be read again> 
                   \relax 
l.310 \begin{equation}
                      
pdfTeX warning (ext4): destination with the same identifier (name{equation.0.0.
2}) has been already used, duplicate ignored
<to be read again> 
                   \relax 
l.310 \begin{equation}
                      
pdfTeX warning (ext4): destination with the same identifier (name{equation.0.0.
2}) has been already used, duplicate ignored
<to be read again> 
                   \relax 
l.310 \begin{equation}
                      
pdfTeX warning (ext4): destination with the same identifier (name{equation.0.0.
3}) has been already used, duplicate ignored
<to be read again> 
                   \relax 
l.314 \begin{equation}
                      
pdfTeX warning (ext4): destination with the same identifier (name{equation.0.0.
3}) has been already used, duplicate ignored
<to be read again> 
                   \relax 
l.314 \begin{equation}
                      
pdfTeX warning (ext4): destination with the same identifier (name{equation.0.0.
3}) has been already used, duplicate ignored
<to be read again> 
                   \relax 
l.314 \begin{equation}
                      
pdfTeX warning (ext4): destination with the same identifier (name{equation.0.0.
3}) has been already used, duplicate ignored
<to be read again> 
                   \relax 
l.314 \begin{equation}
                      
pdfTeX warning (ext4): destination with the same identifier (name{equation.0.0.
4}) has been already used, duplicate ignored
<to be read again> 
                   \relax 
l.318 \begin{equation}
                      
pdfTeX warning (ext4): destination with the same identifier (name{equation.0.0.
4}) has been already used, duplicate ignored
<to be read again> 
                   \relax 
l.318 \begin{equation}
                      
pdfTeX warning (ext4): destination with the same identifier (name{equation.0.0.
4}) has been already used, duplicate ignored
<to be read again> 
                   \relax 
l.318 \begin{equation}
                      
pdfTeX warning (ext4): destination with the same identifier (name{equation.0.0.
4}) has been already used, duplicate ignored
<to be read again> 
                   \relax 
l.318 \begin{equation}
                      
pdfTeX warning (ext4): destination with the same identifier (name{equation.0.0.
5}) has been already used, duplicate ignored
<to be read again> 
                   \relax 
l.322 \begin{equation}
                      
pdfTeX warning (ext4): destination with the same identifier (name{equation.0.0.
5}) has been already used, duplicate ignored
<to be read again> 
                   \relax 
l.322 \begin{equation}
                      
pdfTeX warning (ext4): destination with the same identifier (name{equation.0.0.
5}) has been already used, duplicate ignored
<to be read again> 
                   \relax 
l.322 \begin{equation}
                      
pdfTeX warning (ext4): destination with the same identifier (name{equation.0.0.
5}) has been already used, duplicate ignored
<to be read again> 
                   \relax 
l.322 \begin{equation}
                      
pdfTeX warning (ext4): destination with the same identifier (name{equation.0.0.
6}) has been already used, duplicate ignored
<to be read again> 
                   \relax 
l.327 \begin{equation}
                      
pdfTeX warning (ext4): destination with the same identifier (name{equation.0.0.
6}) has been already used, duplicate ignored
<to be read again> 
                   \relax 
l.327 \begin{equation}
                      
pdfTeX warning (ext4): destination with the same identifier (name{equation.0.0.
6}) has been already used, duplicate ignored
<to be read again> 
                   \relax 
l.327 \begin{equation}
                      
pdfTeX warning (ext4): destination with the same identifier (name{equation.0.0.
6}) has been already used, duplicate ignored
<to be read again> 
                   \relax 
l.327 \begin{equation}
                      
pdfTeX warning (ext4): destination with the same identifier (name{equation.0.0.
7}) has been already used, duplicate ignored
<to be read again> 
                   \relax 
l.330 \begin{equation}
                      
pdfTeX warning (ext4): destination with the same identifier (name{equation.0.0.
7}) has been already used, duplicate ignored
<to be read again> 
                   \relax 
l.330 \begin{equation}
                      
pdfTeX warning (ext4): destination with the same identifier (name{equation.0.0.
7}) has been already used, duplicate ignored
<to be read again> 
                   \relax 
l.330 \begin{equation}
                      
pdfTeX warning (ext4): destination with the same identifier (name{equation.0.0.
7}) has been already used, duplicate ignored
<to be read again> 
                   \relax 
l.330 \begin{equation}
                      
pdfTeX warning (ext4): destination with the same identifier (name{equation.0.0.
8}) has been already used, duplicate ignored
<to be read again> 
                   \relax 
l.334 \begin{equation}
                      
pdfTeX warning (ext4): destination with the same identifier (name{equation.0.0.
8}) has been already used, duplicate ignored
<to be read again> 
                   \relax 
l.334 \begin{equation}
                      
pdfTeX warning (ext4): destination with the same identifier (name{equation.0.0.
8}) has been already used, duplicate ignored
<to be read again> 
                   \relax 
l.334 \begin{equation}
                      
pdfTeX warning (ext4): destination with the same identifier (name{equation.0.0.
8}) has been already used, duplicate ignored
<to be read again> 
                   \relax 
l.334 \begin{equation}
                      
pdfTeX warning (ext4): destination with the same identifier (name{equation.0.0.
9}) has been already used, duplicate ignored
<to be read again> 
                   \relax 
l.338 \begin{equation}
                      
pdfTeX warning (ext4): destination with the same identifier (name{equation.0.0.
9}) has been already used, duplicate ignored
<to be read again> 
                   \relax 
l.338 \begin{equation}
                      
pdfTeX warning (ext4): destination with the same identifier (name{equation.0.0.
9}) has been already used, duplicate ignored
<to be read again> 
                   \relax 
l.338 \begin{equation}
                      
pdfTeX warning (ext4): destination with the same identifier (name{equation.0.0.
9}) has been already used, duplicate ignored
<to be read again> 
                   \relax 
l.338 \begin{equation}
                      
pdfTeX warning (ext4): destination with the same identifier (name{equation.0.0.
10}) has been already used, duplicate ignored
<to be read again> 
                   \relax 
l.342 \begin{equation}
                      
pdfTeX warning (ext4): destination with the same identifier (name{equation.0.0.
10}) has been already used, duplicate ignored
<to be read again> 
                   \relax 
l.342 \begin{equation}
                      
pdfTeX warning (ext4): destination with the same identifier (name{equation.0.0.
10}) has been already used, duplicate ignored
<to be read again> 
                   \relax 
l.342 \begin{equation}
                      
pdfTeX warning (ext4): destination with the same identifier (name{equation.0.0.
10}) has been already used, duplicate ignored
<to be read again> 
                   \relax 
l.342 \begin{equation}
                      
pdfTeX warning (ext4): destination with the same identifier (name{equation.0.0.
11}) has been already used, duplicate ignored
<to be read again> 
                   \relax 
l.346 \begin{equation}
                      
pdfTeX warning (ext4): destination with the same identifier (name{equation.0.0.
11}) has been already used, duplicate ignored
<to be read again> 
                   \relax 
l.346 \begin{equation}
                      
pdfTeX warning (ext4): destination with the same identifier (name{equation.0.0.
11}) has been already used, duplicate ignored
<to be read again> 
                   \relax 
l.346 \begin{equation}
                      
pdfTeX warning (ext4): destination with the same identifier (name{equation.0.0.
11}) has been already used, duplicate ignored
<to be read again> 
                   \relax 
l.346 \begin{equation}
                      
pdfTeX warning (ext4): destination with the same identifier (name{equation.0.0.
1}) has been already used, duplicate ignored
<to be read again> 
                   \relax 
l.357 \begin{equation}
                      
pdfTeX warning (ext4): destination with the same identifier (name{equation.0.0.
1}) has been already used, duplicate ignored
<to be read again> 
                   \relax 
l.357 \begin{equation}
                      
pdfTeX warning (ext4): destination with the same identifier (name{equation.0.0.
1}) has been already used, duplicate ignored
<to be read again> 
                   \relax 
l.357 \begin{equation}
                      
pdfTeX warning (ext4): destination with the same identifier (name{equation.0.0.
1}) has been already used, duplicate ignored
<to be read again> 
                   \relax 
l.357 \begin{equation}
                      
pdfTeX warning (ext4): destination with the same identifier (name{equation.0.0.
2}) has been already used, duplicate ignored
<to be read again> 
                   \relax 
l.361 \begin{equation}
                      
pdfTeX warning (ext4): destination with the same identifier (name{equation.0.0.
2}) has been already used, duplicate ignored
<to be read again> 
                   \relax 
l.361 \begin{equation}
                      
pdfTeX warning (ext4): destination with the same identifier (name{equation.0.0.
2}) has been already used, duplicate ignored
<to be read again> 
                   \relax 
l.361 \begin{equation}
                      
pdfTeX warning (ext4): destination with the same identifier (name{equation.0.0.
2}) has been already used, duplicate ignored
<to be read again> 
                   \relax 
l.361 \begin{equation}
                      
pdfTeX warning (ext4): destination with the same identifier (name{equation.0.0.
3}) has been already used, duplicate ignored
<to be read again> 
                   \relax 
l.365 \begin{equation}
                      
pdfTeX warning (ext4): destination with the same identifier (name{equation.0.0.
3}) has been already used, duplicate ignored
<to be read again> 
                   \relax 
l.365 \begin{equation}
                      
pdfTeX warning (ext4): destination with the same identifier (name{equation.0.0.
3}) has been already used, duplicate ignored
<to be read again> 
                   \relax 
l.365 \begin{equation}
                      
pdfTeX warning (ext4): destination with the same identifier (name{equation.0.0.
3}) has been already used, duplicate ignored
<to be read again> 
                   \relax 
l.365 \begin{equation}
                      
pdfTeX warning (ext4): destination with the same identifier (name{equation.0.0.
4}) has been already used, duplicate ignored
<to be read again> 
                   \relax 
l.370 \begin{equation}
                      
pdfTeX warning (ext4): destination with the same identifier (name{equation.0.0.
4}) has been already used, duplicate ignored
<to be read again> 
                   \relax 
l.370 \begin{equation}
                      
pdfTeX warning (ext4): destination with the same identifier (name{equation.0.0.
4}) has been already used, duplicate ignored
<to be read again> 
                   \relax 
l.370 \begin{equation}
                      
pdfTeX warning (ext4): destination with the same identifier (name{equation.0.0.
4}) has been already used, duplicate ignored
<to be read again> 
                   \relax 
l.370 \begin{equation}
                       [5]
<images/problem4.png, id=81, 429.85594pt x 315.42844pt>
File: images/problem4.png Graphic file (type png)
<use images/problem4.png>
Package pdftex.def Info: images/problem4.png  used on input line 416.
(pdftex.def)             Requested size: 169.07301pt x 124.06583pt.

Underfull \hbox (badness 10000) in paragraph at lines 407--417

 []


pdfTeX warning (ext4): destination with the same identifier (name{equation.0.0.
1}) has been already used, duplicate ignored
<to be read again> 
                   \relax 
l.420 \begin{equation}
                      
pdfTeX warning (ext4): destination with the same identifier (name{equation.0.0.
1}) has been already used, duplicate ignored
<to be read again> 
                   \relax 
l.420 \begin{equation}
                      
pdfTeX warning (ext4): destination with the same identifier (name{equation.0.0.
1}) has been already used, duplicate ignored
<to be read again> 
                   \relax 
l.420 \begin{equation}
                      
pdfTeX warning (ext4): destination with the same identifier (name{equation.0.0.
1}) has been already used, duplicate ignored
<to be read again> 
                   \relax 
l.420 \begin{equation}
                      
Underfull \hbox (badness 10000) in paragraph at lines 422--424

 []


pdfTeX warning (ext4): destination with the same identifier (name{equation.0.0.
2}) has been already used, duplicate ignored
<to be read again> 
                   \relax 
l.424 \begin{equation}
                      
pdfTeX warning (ext4): destination with the same identifier (name{equation.0.0.
2}) has been already used, duplicate ignored
<to be read again> 
                   \relax 
l.424 \begin{equation}
                      
pdfTeX warning (ext4): destination with the same identifier (name{equation.0.0.
2}) has been already used, duplicate ignored
<to be read again> 
                   \relax 
l.424 \begin{equation}
                      
pdfTeX warning (ext4): destination with the same identifier (name{equation.0.0.
2}) has been already used, duplicate ignored
<to be read again> 
                   \relax 
l.424 \begin{equation}
                      
pdfTeX warning (ext4): destination with the same identifier (name{equation.0.0.
3}) has been already used, duplicate ignored
<to be read again> 
                   \relax 
l.429 \begin{equation}
                      
pdfTeX warning (ext4): destination with the same identifier (name{equation.0.0.
3}) has been already used, duplicate ignored
<to be read again> 
                   \relax 
l.429 \begin{equation}
                      
pdfTeX warning (ext4): destination with the same identifier (name{equation.0.0.
3}) has been already used, duplicate ignored
<to be read again> 
                   \relax 
l.429 \begin{equation}
                      
pdfTeX warning (ext4): destination with the same identifier (name{equation.0.0.
3}) has been already used, duplicate ignored
<to be read again> 
                   \relax 
l.429 \begin{equation}
                      
pdfTeX warning (ext4): destination with the same identifier (name{equation.0.0.
4}) has been already used, duplicate ignored
<to be read again> 
                   \relax 
l.435 \begin{equation}
                      
pdfTeX warning (ext4): destination with the same identifier (name{equation.0.0.
4}) has been already used, duplicate ignored
<to be read again> 
                   \relax 
l.435 \begin{equation}
                      
pdfTeX warning (ext4): destination with the same identifier (name{equation.0.0.
4}) has been already used, duplicate ignored
<to be read again> 
                   \relax 
l.435 \begin{equation}
                      
pdfTeX warning (ext4): destination with the same identifier (name{equation.0.0.
4}) has been already used, duplicate ignored
<to be read again> 
                   \relax 
l.435 \begin{equation}
                      
pdfTeX warning (ext4): destination with the same identifier (name{equation.0.0.
5}) has been already used, duplicate ignored
<to be read again> 
                   \relax 
l.440 \begin{equation}
                      
pdfTeX warning (ext4): destination with the same identifier (name{equation.0.0.
5}) has been already used, duplicate ignored
<to be read again> 
                   \relax 
l.440 \begin{equation}
                      
pdfTeX warning (ext4): destination with the same identifier (name{equation.0.0.
5}) has been already used, duplicate ignored
<to be read again> 
                   \relax 
l.440 \begin{equation}
                      
pdfTeX warning (ext4): destination with the same identifier (name{equation.0.0.
5}) has been already used, duplicate ignored
<to be read again> 
                   \relax 
l.440 \begin{equation}
                       [6 <./images/problem4.png>]
pdfTeX warning (ext4): destination with the same identifier (name{equation.0.0.
6}) has been already used, duplicate ignored
<to be read again> 
                   \relax 
l.445 \begin{equation}
                      
pdfTeX warning (ext4): destination with the same identifier (name{equation.0.0.
6}) has been already used, duplicate ignored
<to be read again> 
                   \relax 
l.445 \begin{equation}
                      
pdfTeX warning (ext4): destination with the same identifier (name{equation.0.0.
6}) has been already used, duplicate ignored
<to be read again> 
                   \relax 
l.445 \begin{equation}
                      
pdfTeX warning (ext4): destination with the same identifier (name{equation.0.0.
6}) has been already used, duplicate ignored
<to be read again> 
                   \relax 
l.445 \begin{equation}
                      
<vertopal_3376d9a0695b4078a59040ba2f51c60d/media/image5.png, id=88, 475.02469pt
 x 273.27094pt>
File: vertopal_3376d9a0695b4078a59040ba2f51c60d/media/image5.png Graphic file (
type png)
<use vertopal_3376d9a0695b4078a59040ba2f51c60d/media/image5.png>
Package pdftex.def Info: vertopal_3376d9a0695b4078a59040ba2f51c60d/media/image5
.png  used on input line 455.
(pdftex.def)             Requested size: 215.65817pt x 124.06325pt.

Underfull \hbox (badness 10000) in paragraph at lines 470--471

 []

<images/opamp1.png, id=89, 499.8675pt x 233.87375pt>
File: images/opamp1.png Graphic file (type png)
<use images/opamp1.png>
Package pdftex.def Info: images/opamp1.png  used on input line 474.
(pdftex.def)             Requested size: 216.10582pt x 101.10974pt.

Underfull \hbox (badness 10000) in paragraph at lines 479--480

 []

<images/opamp-opamp52.png, id=91, 289.08pt x 285.065pt>
File: images/opamp-opamp52.png Graphic file (type png)
<use images/opamp-opamp52.png>
Package pdftex.def Info: images/opamp-opamp52.png  used on input line 483.
(pdftex.def)             Requested size: 125.81053pt x 124.06316pt.
[7
pdfTeX warning (ext4): destination with the same identifier (name{figure.4}) ha
s been already used, duplicate ignored
<argument> ...shipout:D \box_use:N \l_shipout_box 
                                                  \__shipout_drop_firstpage_...
l.485 \end{figure}
                   <./vertopal_3376d9a0695b4078a59040ba2f51c60d/media/image5.pn
g (PNG copy)> <./images/opamp1.png>]
<images/problem6.png, id=102, 182.18062pt x 127.97812pt>
File: images/problem6.png Graphic file (type png)
<use images/problem6.png>
Package pdftex.def Info: images/problem6.png  used on input line 499.
(pdftex.def)             Requested size: 182.18016pt x 127.9778pt.
LaTeX Font Info:    Trying to load font information for T1+lmtt on input line 5
02.

(C:\Users\Jetsan\AppData\Local\Programs\MiKTeX\tex/latex/lm\t1lmtt.fd
File: t1lmtt.fd 2015/05/01 v1.6.1 Font defs for Latin Modern
)
LaTeX Font Info:    Trying to load font information for TS1+lmtt on input line 
505.

(C:\Users\Jetsan\AppData\Local\Programs\MiKTeX\tex/latex/lm\ts1lmtt.fd
File: ts1lmtt.fd 2015/05/01 v1.6.1 Font defs for Latin Modern
)
[8
pdfTeX warning (ext4): destination with the same identifier (name{figure.5}) ha
s been already used, duplicate ignored
<argument> ...shipout:D \box_use:N \l_shipout_box 
                                                  \__shipout_drop_firstpage_...
l.513 \section
              {Problem 7} <./images/opamp-opamp52.png> <./images/problem6.png>]
<images/problem7.png, id=118, 593.21625pt x 124.96687pt>
File: images/problem7.png Graphic file (type png)
<use images/problem7.png>
Package pdftex.def Info: images/problem7.png  used on input line 522.
(pdftex.def)             Requested size: 433.63263pt x 91.349pt.

Underfull \hbox (badness 10000) in paragraph at lines 522--523

 []


pdfTeX warning (ext4): destination with the same identifier (name{equation.0.0.
7}) has been already used, duplicate ignored
<to be read again> 
                   \relax 
l.526 \begin{equation}
                      
pdfTeX warning (ext4): destination with the same identifier (name{equation.0.0.
7}) has been already used, duplicate ignored
<to be read again> 
                   \relax 
l.526 \begin{equation}
                      
pdfTeX warning (ext4): destination with the same identifier (name{equation.0.0.
7}) has been already used, duplicate ignored
<to be read again> 
                   \relax 
l.526 \begin{equation}
                      
pdfTeX warning (ext4): destination with the same identifier (name{equation.0.0.
7}) has been already used, duplicate ignored
<to be read again> 
                   \relax 
l.526 \begin{equation}
                      
pdfTeX warning (ext4): destination with the same identifier (name{equation.0.0.
8}) has been already used, duplicate ignored
<to be read again> 
                   \relax 
l.530 \begin{equation}
                      
pdfTeX warning (ext4): destination with the same identifier (name{equation.0.0.
8}) has been already used, duplicate ignored
<to be read again> 
                   \relax 
l.530 \begin{equation}
                      
pdfTeX warning (ext4): destination with the same identifier (name{equation.0.0.
8}) has been already used, duplicate ignored
<to be read again> 
                   \relax 
l.530 \begin{equation}
                      
pdfTeX warning (ext4): destination with the same identifier (name{equation.0.0.
8}) has been already used, duplicate ignored
<to be read again> 
                   \relax 
l.530 \begin{equation}
                      
pdfTeX warning (ext4): destination with the same identifier (name{equation.0.0.
9}) has been already used, duplicate ignored
<to be read again> 
                   \relax 
l.534 \begin{equation}
                      
pdfTeX warning (ext4): destination with the same identifier (name{equation.0.0.
9}) has been already used, duplicate ignored
<to be read again> 
                   \relax 
l.534 \begin{equation}
                      
pdfTeX warning (ext4): destination with the same identifier (name{equation.0.0.
9}) has been already used, duplicate ignored
<to be read again> 
                   \relax 
l.534 \begin{equation}
                      
pdfTeX warning (ext4): destination with the same identifier (name{equation.0.0.
9}) has been already used, duplicate ignored
<to be read again> 
                   \relax 
l.534 \begin{equation}
                      
pdfTeX warning (ext4): destination with the same identifier (name{equation.0.0.
10}) has been already used, duplicate ignored
<to be read again> 
                   \relax 
l.538 \begin{equation}
                      
pdfTeX warning (ext4): destination with the same identifier (name{equation.0.0.
10}) has been already used, duplicate ignored
<to be read again> 
                   \relax 
l.538 \begin{equation}
                      
pdfTeX warning (ext4): destination with the same identifier (name{equation.0.0.
10}) has been already used, duplicate ignored
<to be read again> 
                   \relax 
l.538 \begin{equation}
                      
pdfTeX warning (ext4): destination with the same identifier (name{equation.0.0.
10}) has been already used, duplicate ignored
<to be read again> 
                   \relax 
l.538 \begin{equation}
                      
pdfTeX warning (ext4): destination with the same identifier (name{equation.0.0.
11}) has been already used, duplicate ignored
<to be read again> 
                   \relax 
l.542 \begin{equation}
                      
pdfTeX warning (ext4): destination with the same identifier (name{equation.0.0.
11}) has been already used, duplicate ignored
<to be read again> 
                   \relax 
l.542 \begin{equation}
                      
pdfTeX warning (ext4): destination with the same identifier (name{equation.0.0.
11}) has been already used, duplicate ignored
<to be read again> 
                   \relax 
l.542 \begin{equation}
                      
pdfTeX warning (ext4): destination with the same identifier (name{equation.0.0.
11}) has been already used, duplicate ignored
<to be read again> 
                   \relax 
l.542 \begin{equation}
                      
pdfTeX warning (ext4): destination with the same identifier (name{equation.0.0.
12}) has been already used, duplicate ignored
<to be read again> 
                   \relax 
l.548 \begin{equation}
                      
pdfTeX warning (ext4): destination with the same identifier (name{equation.0.0.
12}) has been already used, duplicate ignored
<to be read again> 
                   \relax 
l.548 \begin{equation}
                      
pdfTeX warning (ext4): destination with the same identifier (name{equation.0.0.
12}) has been already used, duplicate ignored
<to be read again> 
                   \relax 
l.548 \begin{equation}
                      
pdfTeX warning (ext4): destination with the same identifier (name{equation.0.0.
12}) has been already used, duplicate ignored
<to be read again> 
                   \relax 
l.548 \begin{equation}
                      
pdfTeX warning (ext4): destination with the same identifier (name{equation.0.0.
13}) has been already used, duplicate ignored
<to be read again> 
                   \relax 
l.552 \begin{equation}
                      
pdfTeX warning (ext4): destination with the same identifier (name{equation.0.0.
13}) has been already used, duplicate ignored
<to be read again> 
                   \relax 
l.552 \begin{equation}
                      
pdfTeX warning (ext4): destination with the same identifier (name{equation.0.0.
13}) has been already used, duplicate ignored
<to be read again> 
                   \relax 
l.552 \begin{equation}
                      
pdfTeX warning (ext4): destination with the same identifier (name{equation.0.0.
13}) has been already used, duplicate ignored
<to be read again> 
                   \relax 
l.552 \begin{equation}
                      
pdfTeX warning (ext4): destination with the same identifier (name{equation.0.0.
14}) has been already used, duplicate ignored
<to be read again> 
                   \relax 
l.556 \begin{equation}
                      
pdfTeX warning (ext4): destination with the same identifier (name{equation.0.0.
14}) has been already used, duplicate ignored
<to be read again> 
                   \relax 
l.556 \begin{equation}
                      
pdfTeX warning (ext4): destination with the same identifier (name{equation.0.0.
14}) has been already used, duplicate ignored
<to be read again> 
                   \relax 
l.556 \begin{equation}
                      
pdfTeX warning (ext4): destination with the same identifier (name{equation.0.0.
14}) has been already used, duplicate ignored
<to be read again> 
                   \relax 
l.556 \begin{equation}
                      
pdfTeX warning (ext4): destination with the same identifier (name{equation.0.0.
15}) has been already used, duplicate ignored
<to be read again> 
                   \relax 
l.560 \begin{equation}
                      
pdfTeX warning (ext4): destination with the same identifier (name{equation.0.0.
15}) has been already used, duplicate ignored
<to be read again> 
                   \relax 
l.560 \begin{equation}
                      
pdfTeX warning (ext4): destination with the same identifier (name{equation.0.0.
15}) has been already used, duplicate ignored
<to be read again> 
                   \relax 
l.560 \begin{equation}
                      
pdfTeX warning (ext4): destination with the same identifier (name{equation.0.0.
15}) has been already used, duplicate ignored
<to be read again> 
                   \relax 
l.560 \begin{equation}
                       [9 <./images/problem7.png>] [10] (HW1.aux)

LaTeX Warning: There were multiply-defined labels.

 ) 
Here is how much of TeX's memory you used:
 16189 strings out of 476331
 257760 string characters out of 5787293
 1874660 words of memory out of 5000000
 36174 multiletter control sequences out of 15000+600000
 558667 words of font info for 116 fonts, out of 8000000 for 9000
 1141 hyphenation exceptions out of 8191
 77i,7n,81p,1019b,1470s stack positions out of 10000i,1000n,20000p,200000b,200000s
<C:/Users/Jetsan/AppData/Local/Programs/MiKTeX/fonts/type1/public/lm/lmbx10.p
fb><C:/Users/Jetsan/AppData/Local/Programs/MiKTeX/fonts/type1/public/lm/lmbx12.
pfb><C:/Users/Jetsan/AppData/Local/Programs/MiKTeX/fonts/type1/public/lm/lmmi10
.pfb><C:/Users/Jetsan/AppData/Local/Programs/MiKTeX/fonts/type1/public/lm/lmmi5
.pfb><C:/Users/Jetsan/AppData/Local/Programs/MiKTeX/fonts/type1/public/lm/lmmi7
.pfb><C:/Users/Jetsan/AppData/Local/Programs/MiKTeX/fonts/type1/public/lm/lmr10
.pfb><C:/Users/Jetsan/AppData/Local/Programs/MiKTeX/fonts/type1/public/lm/lmr17
.pfb><C:/Users/Jetsan/AppData/Local/Programs/MiKTeX/fonts/type1/public/lm/lmr5.
pfb><C:/Users/Jetsan/AppData/Local/Programs/MiKTeX/fonts/type1/public/lm/lmr7.p
fb><C:/Users/Jetsan/AppData/Local/Programs/MiKTeX/fonts/type1/public/lm/lmri10.
pfb><C:/Users/Jetsan/AppData/Local/Programs/MiKTeX/fonts/type1/public/lm/lmsy10
.pfb><C:/Users/Jetsan/AppData/Local/Programs/MiKTeX/fonts/type1/public/lm/lmsy7
.pfb><C:/Users/Jetsan/AppData/Local/Programs/MiKTeX/fonts/type1/public/lm/lmtt9
.pfb>
Output written on HW1.pdf (10 pages, 536736 bytes).
PDF statistics:
 254 PDF objects out of 1000 (max. 8388607)
 54 named destinations out of 1000 (max. 500000)
 26771 words of extra memory for PDF output out of 29859 (max. 10000000)

