This is pdfTeX, Version 3.141592653-2.6-1.40.25 (MiKTeX 23.4) (preloaded format=pdflatex 2023.9.20)  16 FEB 2024 22:20
entering extended mode
 restricted \write18 enabled.
 %&-line parsing enabled.
**./HW2.tex
(HW2.tex
LaTeX2e <2022-11-01> patch level 1
L3 programming layer <2023-03-30>
(C:\Users\Jetsan\AppData\Local\Programs\MiKTeX\tex/latex/base\article.cls
Document Class: article 2022/07/02 v1.4n Standard LaTeX document class
(C:\Users\Jetsan\AppData\Local\Programs\MiKTeX\tex/latex/base\size10.clo
File: size10.clo 2022/07/02 v1.4n Standard LaTeX file (size option)
)
\c@part=\count185
\c@section=\count186
\c@subsection=\count187
\c@subsubsection=\count188
\c@paragraph=\count189
\c@subparagraph=\count190
\c@figure=\count191
\c@table=\count192
\abovecaptionskip=\skip48
\belowcaptionskip=\skip49
\bibindent=\dimen140
)
(C:\Users\Jetsan\AppData\Local\Programs\MiKTeX\tex/latex/geometry\geometry.sty
Package: geometry 2020/01/02 v5.9 Page Geometry

(C:\Users\Jetsan\AppData\Local\Programs\MiKTeX\tex/latex/graphics\keyval.sty
Package: keyval 2022/05/29 v1.15 key=value parser (DPC)
\KV@toks@=\toks16
)
(C:\Users\Jetsan\AppData\Local\Programs\MiKTeX\tex/generic/iftex\ifvtex.sty
Package: ifvtex 2019/10/25 v1.7 ifvtex legacy package. Use iftex instead.

(C:\Users\Jetsan\AppData\Local\Programs\MiKTeX\tex/generic/iftex\iftex.sty
Package: iftex 2022/02/03 v1.0f TeX engine tests
))
\Gm@cnth=\count193
\Gm@cntv=\count194
\c@Gm@tempcnt=\count195
\Gm@bindingoffset=\dimen141
\Gm@wd@mp=\dimen142
\Gm@odd@mp=\dimen143
\Gm@even@mp=\dimen144
\Gm@layoutwidth=\dimen145
\Gm@layoutheight=\dimen146
\Gm@layouthoffset=\dimen147
\Gm@layoutvoffset=\dimen148
\Gm@dimlist=\toks17

(C:\Users\Jetsan\AppData\Local\Programs\MiKTeX\tex/latex/geometry\geometry.cfg)
) (C:\Users\Jetsan\AppData\Local\Programs\MiKTeX\tex/latex/amsmath\amsmath.sty
Package: amsmath 2022/04/08 v2.17n AMS math features
\@mathmargin=\skip50

For additional information on amsmath, use the `?' option.
(C:\Users\Jetsan\AppData\Local\Programs\MiKTeX\tex/latex/amsmath\amstext.sty
Package: amstext 2021/08/26 v2.01 AMS text

(C:\Users\Jetsan\AppData\Local\Programs\MiKTeX\tex/latex/amsmath\amsgen.sty
File: amsgen.sty 1999/11/30 v2.0 generic functions
\@emptytoks=\toks18
\ex@=\dimen149
))
(C:\Users\Jetsan\AppData\Local\Programs\MiKTeX\tex/latex/amsmath\amsbsy.sty
Package: amsbsy 1999/11/29 v1.2d Bold Symbols
\pmbraise@=\dimen150
)
(C:\Users\Jetsan\AppData\Local\Programs\MiKTeX\tex/latex/amsmath\amsopn.sty
Package: amsopn 2022/04/08 v2.04 operator names
)
\inf@bad=\count196
LaTeX Info: Redefining \frac on input line 234.
\uproot@=\count197
\leftroot@=\count198
LaTeX Info: Redefining \overline on input line 399.
LaTeX Info: Redefining \colon on input line 410.
\classnum@=\count199
\DOTSCASE@=\count266
LaTeX Info: Redefining \ldots on input line 496.
LaTeX Info: Redefining \dots on input line 499.
LaTeX Info: Redefining \cdots on input line 620.
\Mathstrutbox@=\box51
\strutbox@=\box52
LaTeX Info: Redefining \big on input line 722.
LaTeX Info: Redefining \Big on input line 723.
LaTeX Info: Redefining \bigg on input line 724.
LaTeX Info: Redefining \Bigg on input line 725.
\big@size=\dimen151
LaTeX Font Info:    Redeclaring font encoding OML on input line 743.
LaTeX Font Info:    Redeclaring font encoding OMS on input line 744.
\macc@depth=\count267
LaTeX Info: Redefining \bmod on input line 905.
LaTeX Info: Redefining \pmod on input line 910.
LaTeX Info: Redefining \smash on input line 940.
LaTeX Info: Redefining \relbar on input line 970.
LaTeX Info: Redefining \Relbar on input line 971.
\c@MaxMatrixCols=\count268
\dotsspace@=\muskip16
\c@parentequation=\count269
\dspbrk@lvl=\count270
\tag@help=\toks19
\row@=\count271
\column@=\count272
\maxfields@=\count273
\andhelp@=\toks20
\eqnshift@=\dimen152
\alignsep@=\dimen153
\tagshift@=\dimen154
\tagwidth@=\dimen155
\totwidth@=\dimen156
\lineht@=\dimen157
\@envbody=\toks21
\multlinegap=\skip51
\multlinetaggap=\skip52
\mathdisplay@stack=\toks22
LaTeX Info: Redefining \[ on input line 2953.
LaTeX Info: Redefining \] on input line 2954.
)
(C:\Users\Jetsan\AppData\Local\Programs\MiKTeX\tex/latex/amsfonts\amsfonts.sty
Package: amsfonts 2013/01/14 v3.01 Basic AMSFonts support
\symAMSa=\mathgroup4
\symAMSb=\mathgroup5
LaTeX Font Info:    Redeclaring math symbol \hbar on input line 98.
LaTeX Font Info:    Overwriting math alphabet `\mathfrak' in version `bold'
(Font)                  U/euf/m/n --> U/euf/b/n on input line 106.
) (C:\Users\Jetsan\AppData\Local\Programs\MiKTeX\tex/latex/amsfonts\amssymb.sty
Package: amssymb 2013/01/14 v3.01 AMS font symbols
) (C:\Users\Jetsan\AppData\Local\Programs\MiKTeX\tex/latex/listings\listings.st
y
\lst@mode=\count274
\lst@gtempboxa=\box53
\lst@token=\toks23
\lst@length=\count275
\lst@currlwidth=\dimen158
\lst@column=\count276
\lst@pos=\count277
\lst@lostspace=\dimen159
\lst@width=\dimen160
\lst@newlines=\count278
\lst@lineno=\count279
\lst@maxwidth=\dimen161
(C:\Users\Jetsan\AppData\Local\Programs\MiKTeX\tex/latex/listings\lstmisc.sty
File: lstmisc.sty 2023/02/27 1.9 (Carsten Heinz)
\c@lstnumber=\count280
\lst@skipnumbers=\count281
\lst@framebox=\box54
)
(C:\Users\Jetsan\AppData\Local\Programs\MiKTeX\tex/latex/listings\listings.cfg
File: listings.cfg 2023/02/27 1.9 listings configuration
))
Package: listings 2023/02/27 1.9 (Carsten Heinz)
 (C:\Users\Jetsan\AppData\Local\Programs\MiKTeX\tex/latex/graphics\color.sty
Package: color 2022/01/06 v1.3d Standard LaTeX Color (DPC)

(C:\Users\Jetsan\AppData\Local\Programs\MiKTeX\tex/latex/graphics-cfg\color.cfg
File: color.cfg 2016/01/02 v1.6 sample color configuration
)
Package color Info: Driver file: pdftex.def on input line 149.

(C:\Users\Jetsan\AppData\Local\Programs\MiKTeX\tex/latex/graphics-def\pdftex.de
f
File: pdftex.def 2022/09/22 v1.2b Graphics/color driver for pdftex
)
(C:\Users\Jetsan\AppData\Local\Programs\MiKTeX\tex/latex/graphics\mathcolor.ltx
))
(C:\Users\Jetsan\AppData\Local\Programs\MiKTeX\tex/latex/listings\lstlang1.sty
File: lstlang1.sty 2023/02/27 1.9 listings language file
) (C:\Users\Jetsan\AppData\Local\Programs\MiKTeX\tex/latex/listings\lstmisc.sty
File: lstmisc.sty 2023/02/27 1.9 (Carsten Heinz)
) (C:\Users\Jetsan\AppData\Local\Programs\MiKTeX\tex/latex/tools\multicol.sty
Package: multicol 2021/11/30 v1.9d multicolumn formatting (FMi)
\c@tracingmulticols=\count282
\mult@box=\box55
\multicol@leftmargin=\dimen162
\c@unbalance=\count283
\c@collectmore=\count284
\doublecol@number=\count285
\multicoltolerance=\count286
\multicolpretolerance=\count287
\full@width=\dimen163
\page@free=\dimen164
\premulticols=\dimen165
\postmulticols=\dimen166
\multicolsep=\skip53
\multicolbaselineskip=\skip54
\partial@page=\box56
\last@line=\box57
\maxbalancingoverflow=\dimen167
\mult@rightbox=\box58
\mult@grightbox=\box59
\mult@firstbox=\box60
\mult@gfirstbox=\box61
\@tempa=\box62
\@tempa=\box63
\@tempa=\box64
\@tempa=\box65
\@tempa=\box66
\@tempa=\box67
\@tempa=\box68
\@tempa=\box69
\@tempa=\box70
\@tempa=\box71
\@tempa=\box72
\@tempa=\box73
\@tempa=\box74
\@tempa=\box75
\@tempa=\box76
\@tempa=\box77
\@tempa=\box78
\@tempa=\box79
\@tempa=\box80
\@tempa=\box81
\@tempa=\box82
\@tempa=\box83
\@tempa=\box84
\@tempa=\box85
\@tempa=\box86
\@tempa=\box87
\@tempa=\box88
\@tempa=\box89
\@tempa=\box90
\@tempa=\box91
\@tempa=\box92
\@tempa=\box93
\@tempa=\box94
\@tempa=\box95
\@tempa=\box96
\@tempa=\box97
\c@minrows=\count288
\c@columnbadness=\count289
\c@finalcolumnbadness=\count290
\last@try=\dimen168
\multicolovershoot=\dimen169
\multicolundershoot=\dimen170
\mult@nat@firstbox=\box98
\colbreak@box=\box99
\mc@col@check@num=\count291
)
(C:\Users\Jetsan\AppData\Local\Programs\MiKTeX\tex/latex/graphics\graphicx.sty
Package: graphicx 2021/09/16 v1.2d Enhanced LaTeX Graphics (DPC,SPQR)

(C:\Users\Jetsan\AppData\Local\Programs\MiKTeX\tex/latex/graphics\graphics.sty
Package: graphics 2022/03/10 v1.4e Standard LaTeX Graphics (DPC,SPQR)

(C:\Users\Jetsan\AppData\Local\Programs\MiKTeX\tex/latex/graphics\trig.sty
Package: trig 2021/08/11 v1.11 sin cos tan (DPC)
)
(C:\Users\Jetsan\AppData\Local\Programs\MiKTeX\tex/latex/graphics-cfg\graphics.
cfg
File: graphics.cfg 2016/06/04 v1.11 sample graphics configuration
)
Package graphics Info: Driver file: pdftex.def on input line 107.
)
\Gin@req@height=\dimen171
\Gin@req@width=\dimen172
)
(C:\Users\Jetsan\AppData\Local\Programs\MiKTeX\tex/latex/epstopdf-pkg\epstopdf.
sty
Package: epstopdf 2020-01-24 v2.11 Conversion with epstopdf on the fly (HO)

(C:\Users\Jetsan\AppData\Local\Programs\MiKTeX\tex/generic/infwarerr\infwarerr.
sty
Package: infwarerr 2019/12/03 v1.5 Providing info/warning/error messages (HO)
) (C:\Users\Jetsan\AppData\Local\Programs\MiKTeX\tex/latex/grfext\grfext.sty
Package: grfext 2019/12/03 v1.3 Manage graphics extensions (HO)

(C:\Users\Jetsan\AppData\Local\Programs\MiKTeX\tex/generic/kvdefinekeys\kvdefin
ekeys.sty
Package: kvdefinekeys 2019-12-19 v1.6 Define keys (HO)
))
(C:\Users\Jetsan\AppData\Local\Programs\MiKTeX\tex/latex/kvoptions\kvoptions.st
y
Package: kvoptions 2022-06-15 v3.15 Key value format for package options (HO)

(C:\Users\Jetsan\AppData\Local\Programs\MiKTeX\tex/generic/ltxcmds\ltxcmds.sty
Package: ltxcmds 2020-05-10 v1.25 LaTeX kernel commands for general use (HO)
)
(C:\Users\Jetsan\AppData\Local\Programs\MiKTeX\tex/latex/kvsetkeys\kvsetkeys.st
y
Package: kvsetkeys 2022-10-05 v1.19 Key value parser (HO)
))
(C:\Users\Jetsan\AppData\Local\Programs\MiKTeX\tex/generic/pdftexcmds\pdftexcmd
s.sty
Package: pdftexcmds 2020-06-27 v0.33 Utility functions of pdfTeX for LuaTeX (HO
)
Package pdftexcmds Info: \pdf@primitive is available.
Package pdftexcmds Info: \pdf@ifprimitive is available.
Package pdftexcmds Info: \pdfdraftmode found.
)
(C:\Users\Jetsan\AppData\Local\Programs\MiKTeX\tex/latex/epstopdf-pkg\epstopdf-
base.sty
Package: epstopdf-base 2020-01-24 v2.11 Base part for package epstopdf
Package epstopdf-base Info: Redefining graphics rule for `.eps' on input line 4
85.
Package grfext Info: Graphics extension search list:
(grfext)             [.pdf,.png,.jpg,.mps,.jpeg,.jbig2,.jb2,.PDF,.PNG,.JPG,.JPE
G,.JBIG2,.JB2,.eps]
(grfext)             \AppendGraphicsExtensions on input line 504.

(C:\Users\Jetsan\AppData\Local\Programs\MiKTeX\tex/latex/00miktex\epstopdf-sys.
cfg
File: epstopdf-sys.cfg 2021/03/18 v2.0 Configuration of epstopdf for MiKTeX
)))
Package grfext Info: Graphics extension search list:
(grfext)             [.pdf,.png,.jpg,.mps,.jpeg,.jbig2,.jb2,.PDF,.PNG,.JPG,.JPE
G,.JBIG2,.JB2,.eps,.gif]
(grfext)             \AppendGraphicsExtensions on input line 45.

(C:\Users\Jetsan\AppData\Local\Programs\MiKTeX\tex/latex/chngcntr\chngcntr.sty
Package: chngcntr 2018/04/09 v1.1a change counter resetting
Package chngcntr Info: \counterwithout already defined.
(chngcntr)             Quitting chngcntr on input line 21.
) (C:\Users\Jetsan\AppData\Local\Programs\MiKTeX\tex/latex/float\float.sty
Package: float 2001/11/08 v1.3d Float enhancements (AL)
\c@float@type=\count292
\float@exts=\toks24
\float@box=\box100
\@float@everytoks=\toks25
\@floatcapt=\box101
)
(C:\Users\Jetsan\AppData\Local\Programs\MiKTeX\tex/latex/hyperref\hyperref.sty
Package: hyperref 2023-02-07 v7.00v Hypertext links for LaTeX

(C:\Users\Jetsan\AppData\Local\Programs\MiKTeX\tex/generic/pdfescape\pdfescape.
sty
Package: pdfescape 2019/12/09 v1.15 Implements pdfTeX's escape features (HO)
)
(C:\Users\Jetsan\AppData\Local\Programs\MiKTeX\tex/latex/hycolor\hycolor.sty
Package: hycolor 2020-01-27 v1.10 Color options for hyperref/bookmark (HO)
)
(C:\Users\Jetsan\AppData\Local\Programs\MiKTeX\tex/latex/letltxmacro\letltxmacr
o.sty
Package: letltxmacro 2019/12/03 v1.6 Let assignment for LaTeX macros (HO)
)
(C:\Users\Jetsan\AppData\Local\Programs\MiKTeX\tex/latex/auxhook\auxhook.sty
Package: auxhook 2019-12-17 v1.6 Hooks for auxiliary files (HO)
)
(C:\Users\Jetsan\AppData\Local\Programs\MiKTeX\tex/latex/hyperref\nameref.sty
Package: nameref 2022-05-17 v2.50 Cross-referencing by name of section

(C:\Users\Jetsan\AppData\Local\Programs\MiKTeX\tex/latex/refcount\refcount.sty
Package: refcount 2019/12/15 v3.6 Data extraction from label references (HO)
)
(C:\Users\Jetsan\AppData\Local\Programs\MiKTeX\tex/generic/gettitlestring\getti
tlestring.sty
Package: gettitlestring 2019/12/15 v1.6 Cleanup title references (HO)
)
\c@section@level=\count293
)
\@linkdim=\dimen173
\Hy@linkcounter=\count294
\Hy@pagecounter=\count295

(C:\Users\Jetsan\AppData\Local\Programs\MiKTeX\tex/latex/hyperref\pd1enc.def
File: pd1enc.def 2023-02-07 v7.00v Hyperref: PDFDocEncoding definition (HO)
Now handling font encoding PD1 ...
... no UTF-8 mapping file for font encoding PD1
)
(C:\Users\Jetsan\AppData\Local\Programs\MiKTeX\tex/generic/intcalc\intcalc.sty
Package: intcalc 2019/12/15 v1.3 Expandable calculations with integers (HO)
)
(C:\Users\Jetsan\AppData\Local\Programs\MiKTeX\tex/generic/etexcmds\etexcmds.st
y
Package: etexcmds 2019/12/15 v1.7 Avoid name clashes with e-TeX commands (HO)
)
\Hy@SavedSpaceFactor=\count296
 (C:\Users\Jetsan\AppData\Local\Programs\MiKTeX\tex/latex/hyperref\puenc.def
File: puenc.def 2023-02-07 v7.00v Hyperref: PDF Unicode definition (HO)
Now handling font encoding PU ...
... no UTF-8 mapping file for font encoding PU
)
Package hyperref Info: Option `unicode' set `true' on input line 4060.
Package hyperref Info: Hyper figures OFF on input line 4177.
Package hyperref Info: Link nesting OFF on input line 4182.
Package hyperref Info: Hyper index ON on input line 4185.
Package hyperref Info: Plain pages OFF on input line 4192.
Package hyperref Info: Backreferencing OFF on input line 4197.
Package hyperref Info: Implicit mode ON; LaTeX internals redefined.
Package hyperref Info: Bookmarks ON on input line 4425.
\c@Hy@tempcnt=\count297
(C:\Users\Jetsan\AppData\Local\Programs\MiKTeX\tex/latex/url\url.sty
\Urlmuskip=\muskip17
Package: url 2013/09/16  ver 3.4  Verb mode for urls, etc.
)
LaTeX Info: Redefining \url on input line 4763.
\XeTeXLinkMargin=\dimen174

(C:\Users\Jetsan\AppData\Local\Programs\MiKTeX\tex/generic/bitset\bitset.sty
Package: bitset 2019/12/09 v1.3 Handle bit-vector datatype (HO)

(C:\Users\Jetsan\AppData\Local\Programs\MiKTeX\tex/generic/bigintcalc\bigintcal
c.sty
Package: bigintcalc 2019/12/15 v1.5 Expandable calculations on big integers (HO
)
))
\Fld@menulength=\count298
\Field@Width=\dimen175
\Fld@charsize=\dimen176
Package hyperref Info: Hyper figures OFF on input line 6042.
Package hyperref Info: Link nesting OFF on input line 6047.
Package hyperref Info: Hyper index ON on input line 6050.
Package hyperref Info: backreferencing OFF on input line 6057.
Package hyperref Info: Link coloring OFF on input line 6062.
Package hyperref Info: Link coloring with OCG OFF on input line 6067.
Package hyperref Info: PDF/A mode OFF on input line 6072.

(C:\Users\Jetsan\AppData\Local\Programs\MiKTeX\tex/latex/base\atbegshi-ltx.sty
Package: atbegshi-ltx 2021/01/10 v1.0c Emulation of the original atbegshi
package with kernel methods
)
\Hy@abspage=\count299
\c@Item=\count300
\c@Hfootnote=\count301
)
Package hyperref Info: Driver (autodetected): hpdftex.
 (C:\Users\Jetsan\AppData\Local\Programs\MiKTeX\tex/latex/hyperref\hpdftex.def
File: hpdftex.def 2023-02-07 v7.00v Hyperref driver for pdfTeX

(C:\Users\Jetsan\AppData\Local\Programs\MiKTeX\tex/latex/base\atveryend-ltx.sty
Package: atveryend-ltx 2020/08/19 v1.0a Emulation of the original atveryend pac
kage
with kernel methods
)
\Fld@listcount=\count302
\c@bookmark@seq@number=\count303

(C:\Users\Jetsan\AppData\Local\Programs\MiKTeX\tex/latex/rerunfilecheck\rerunfi
lecheck.sty
Package: rerunfilecheck 2022-07-10 v1.10 Rerun checks for auxiliary files (HO)

(C:\Users\Jetsan\AppData\Local\Programs\MiKTeX\tex/generic/uniquecounter\unique
counter.sty
Package: uniquecounter 2019/12/15 v1.4 Provide unlimited unique counter (HO)
)
Package uniquecounter Info: New unique counter `rerunfilecheck' on input line 2
85.
)
\Hy@SectionHShift=\skip55
)
(C:\Users\Jetsan\AppData\Local\Programs\MiKTeX\tex/latex/l3backend\l3backend-pd
ftex.def
File: l3backend-pdftex.def 2023-03-30 L3 backend support: PDF output (pdfTeX)
\l__color_backend_stack_int=\count304
\l__pdf_internal_box=\box102
) (HW2.aux)
\openout1 = `HW2.aux'.

LaTeX Font Info:    Checking defaults for OML/cmm/m/it on input line 59.
LaTeX Font Info:    ... okay on input line 59.
LaTeX Font Info:    Checking defaults for OMS/cmsy/m/n on input line 59.
LaTeX Font Info:    ... okay on input line 59.
LaTeX Font Info:    Checking defaults for OT1/cmr/m/n on input line 59.
LaTeX Font Info:    ... okay on input line 59.
LaTeX Font Info:    Checking defaults for T1/cmr/m/n on input line 59.
LaTeX Font Info:    ... okay on input line 59.
LaTeX Font Info:    Checking defaults for TS1/cmr/m/n on input line 59.
LaTeX Font Info:    ... okay on input line 59.
LaTeX Font Info:    Checking defaults for OMX/cmex/m/n on input line 59.
LaTeX Font Info:    ... okay on input line 59.
LaTeX Font Info:    Checking defaults for U/cmr/m/n on input line 59.
LaTeX Font Info:    ... okay on input line 59.
LaTeX Font Info:    Checking defaults for PD1/pdf/m/n on input line 59.
LaTeX Font Info:    ... okay on input line 59.
LaTeX Font Info:    Checking defaults for PU/pdf/m/n on input line 59.
LaTeX Font Info:    ... okay on input line 59.

*geometry* driver: auto-detecting
*geometry* detected driver: pdftex
*geometry* verbose mode - [ preamble ] result:
* driver: pdftex
* paper: a4paper
* layout: <same size as paper>
* layoutoffset:(h,v)=(0.0pt,0.0pt)
* modes: 
* h-part:(L,W,R)=(71.13188pt, 455.24411pt, 71.13188pt)
* v-part:(T,H,B)=(101.40665pt, 591.5302pt, 152.11pt)
* \paperwidth=597.50787pt
* \paperheight=845.04684pt
* \textwidth=455.24411pt
* \textheight=591.5302pt
* \oddsidemargin=-1.1381pt
* \evensidemargin=-1.1381pt
* \topmargin=-7.86334pt
* \headheight=12.0pt
* \headsep=25.0pt
* \topskip=10.0pt
* \footskip=30.0pt
* \marginparwidth=57.0pt
* \marginparsep=11.0pt
* \columnsep=10.0pt
* \skip\footins=9.0pt plus 4.0pt minus 2.0pt
* \hoffset=0.0pt
* \voffset=0.0pt
* \mag=1000
* \@twocolumnfalse
* \@twosidefalse
* \@mparswitchfalse
* \@reversemarginfalse
* (1in=72.27pt=25.4mm, 1cm=28.453pt)

\c@lstlisting=\count305

(C:\Users\Jetsan\AppData\Local\Programs\MiKTeX\tex/context/base/mkii\supp-pdf.m
kii
[Loading MPS to PDF converter (version 2006.09.02).]
\scratchcounter=\count306
\scratchdimen=\dimen177
\scratchbox=\box103
\nofMPsegments=\count307
\nofMParguments=\count308
\everyMPshowfont=\toks26
\MPscratchCnt=\count309
\MPscratchDim=\dimen178
\MPnumerator=\count310
\makeMPintoPDFobject=\count311
\everyMPtoPDFconversion=\toks27
)
Package hyperref Info: Link coloring OFF on input line 59.
 (HW2.out) (HW2.out)
\@outlinefile=\write3
\openout3 = `HW2.out'.

<images/Problem1.png, id=4, 266.49562pt x 210.03468pt>
File: images/Problem1.png Graphic file (type png)
<use images/Problem1.png>
Package pdftex.def Info: images/Problem1.png  used on input line 73.
(pdftex.def)             Requested size: 216.81pt x 170.8803pt.

Underfull \hbox (badness 10000) in paragraph at lines 71--74

 []

LaTeX Font Info:    Trying to load font information for U+msa on input line 78.

(C:\Users\Jetsan\AppData\Local\Programs\MiKTeX\tex/latex/amsfonts\umsa.fd
File: umsa.fd 2013/01/14 v3.01 AMS symbols A
)
LaTeX Font Info:    Trying to load font information for U+msb on input line 78.


(C:\Users\Jetsan\AppData\Local\Programs\MiKTeX\tex/latex/amsfonts\umsb.fd
File: umsb.fd 2013/01/14 v3.01 AMS symbols B
)
Underfull \hbox (badness 10000) in paragraph at lines 77--79

 []

<images/p1p1.png, id=6, 502.12593pt x 448.67625pt>
File: images/p1p1.png Graphic file (type png)
<use images/p1p1.png>
Package pdftex.def Info: images/p1p1.png  used on input line 81.
(pdftex.def)             Requested size: 216.81pt x 193.73488pt.
<images/p1p2.png, id=7, 558.58687pt x 442.65375pt>
File: images/p1p2.png Graphic file (type png)
<use images/p1p2.png>
Package pdftex.def Info: images/p1p2.png  used on input line 82.
(pdftex.def)             Requested size: 216.81pt x 171.81023pt.

Underfull \hbox (badness 10000) in paragraph at lines 81--83

 []

[1

{C:/Users/Jetsan/AppData/Local/MiKTeX/fonts/map/pdftex/pdftex.map} <./images/Pr
oblem1.png> <./images/p1p1.png>]
Underfull \hbox (badness 10000) in paragraph at lines 84--85

 []


Underfull \hbox (badness 10000) in paragraph at lines 93--96

 []

<images/p1p3.png, id=23, 417.05812pt x 484.81125pt>
File: images/p1p3.png Graphic file (type png)
<use images/p1p3.png>
Package pdftex.def Info: images/p1p3.png  used on input line 100.
(pdftex.def)             Requested size: 216.81pt x 252.03671pt.

Underfull \hbox (badness 10000) in paragraph at lines 100--101

 []

[2 <./images/p1p2.png>]
Underfull \hbox (badness 10000) in paragraph at lines 139--142

 []

[3 <./images/p1p3.png>]
Underfull \hbox (badness 10000) in paragraph at lines 146--149

 []


Underfull \hbox (badness 10000) in paragraph at lines 174--175

 []

<images/Problem3.png, id=50, 353.06906pt x 143.78719pt>
File: images/Problem3.png Graphic file (type png)
<use images/Problem3.png>
Package pdftex.def Info: images/Problem3.png  used on input line 193.
(pdftex.def)             Requested size: 433.62pt x 176.5939pt.

Underfull \hbox (badness 10000) in paragraph at lines 191--194

 []

[4]
pdfTeX warning (ext4): destination with the same identifier (name{equation.0.1}
) has been already used, duplicate ignored
<to be read again> 
                   \relax 
l.197 \begin{equation}
                      
pdfTeX warning (ext4): destination with the same identifier (name{equation.0.1}
) has been already used, duplicate ignored
<to be read again> 
                   \relax 
l.197 \begin{equation}
                      
pdfTeX warning (ext4): destination with the same identifier (name{equation.0.1}
) has been already used, duplicate ignored
<to be read again> 
                   \relax 
l.197 \begin{equation}
                      
pdfTeX warning (ext4): destination with the same identifier (name{equation.0.1}
) has been already used, duplicate ignored
<to be read again> 
                   \relax 
l.197 \begin{equation}
                      
pdfTeX warning (ext4): destination with the same identifier (name{equation.0.2}
) has been already used, duplicate ignored
<to be read again> 
                   \relax 
l.201 \begin{equation}
                      
pdfTeX warning (ext4): destination with the same identifier (name{equation.0.2}
) has been already used, duplicate ignored
<to be read again> 
                   \relax 
l.201 \begin{equation}
                      
pdfTeX warning (ext4): destination with the same identifier (name{equation.0.2}
) has been already used, duplicate ignored
<to be read again> 
                   \relax 
l.201 \begin{equation}
                      
pdfTeX warning (ext4): destination with the same identifier (name{equation.0.2}
) has been already used, duplicate ignored
<to be read again> 
                   \relax 
l.201 \begin{equation}
                      
pdfTeX warning (ext4): destination with the same identifier (name{equation.0.3}
) has been already used, duplicate ignored
<to be read again> 
                   \relax 
l.205 \begin{equation}
                      
pdfTeX warning (ext4): destination with the same identifier (name{equation.0.3}
) has been already used, duplicate ignored
<to be read again> 
                   \relax 
l.205 \begin{equation}
                      
pdfTeX warning (ext4): destination with the same identifier (name{equation.0.3}
) has been already used, duplicate ignored
<to be read again> 
                   \relax 
l.205 \begin{equation}
                      
pdfTeX warning (ext4): destination with the same identifier (name{equation.0.3}
) has been already used, duplicate ignored
<to be read again> 
                   \relax 
l.205 \begin{equation}
                      
pdfTeX warning (ext4): destination with the same identifier (name{equation.0.4}
) has been already used, duplicate ignored
<to be read again> 
                   \relax 
l.209 \begin{equation}
                      
pdfTeX warning (ext4): destination with the same identifier (name{equation.0.4}
) has been already used, duplicate ignored
<to be read again> 
                   \relax 
l.209 \begin{equation}
                      
pdfTeX warning (ext4): destination with the same identifier (name{equation.0.4}
) has been already used, duplicate ignored
<to be read again> 
                   \relax 
l.209 \begin{equation}
                      
pdfTeX warning (ext4): destination with the same identifier (name{equation.0.4}
) has been already used, duplicate ignored
<to be read again> 
                   \relax 
l.209 \begin{equation}
                      
pdfTeX warning (ext4): destination with the same identifier (name{equation.0.5}
) has been already used, duplicate ignored
<to be read again> 
                   \relax 
l.215 \begin{equation}
                      
pdfTeX warning (ext4): destination with the same identifier (name{equation.0.5}
) has been already used, duplicate ignored
<to be read again> 
                   \relax 
l.215 \begin{equation}
                      
pdfTeX warning (ext4): destination with the same identifier (name{equation.0.5}
) has been already used, duplicate ignored
<to be read again> 
                   \relax 
l.215 \begin{equation}
                      
pdfTeX warning (ext4): destination with the same identifier (name{equation.0.5}
) has been already used, duplicate ignored
<to be read again> 
                   \relax 
l.215 \begin{equation}
                      
<images/Problem4.png, id=76, 307.1475pt x 256.70906pt>
File: images/Problem4.png Graphic file (type png)
<use images/Problem4.png>
Package pdftex.def Info: images/Problem4.png  used on input line 231.
(pdftex.def)             Requested size: 216.81pt x 181.20709pt.

Underfull \hbox (badness 10000) in paragraph at lines 229--232

 []

[5 <./images/Problem3.png>]
Underfull \hbox (badness 10000) in paragraph at lines 234--236

 []


pdfTeX warning (ext4): destination with the same identifier (name{equation.0.1}
) has been already used, duplicate ignored
<to be read again> 
                   \relax 
l.239 \begin{equation}
                      
pdfTeX warning (ext4): destination with the same identifier (name{equation.0.1}
) has been already used, duplicate ignored
<to be read again> 
                   \relax 
l.239 \begin{equation}
                      
pdfTeX warning (ext4): destination with the same identifier (name{equation.0.1}
) has been already used, duplicate ignored
<to be read again> 
                   \relax 
l.239 \begin{equation}
                      
pdfTeX warning (ext4): destination with the same identifier (name{equation.0.1}
) has been already used, duplicate ignored
<to be read again> 
                   \relax 
l.239 \begin{equation}
                      
pdfTeX warning (ext4): destination with the same identifier (name{equation.0.2}
) has been already used, duplicate ignored
<to be read again> 
                   \relax 
l.243 \begin{equation}
                      
pdfTeX warning (ext4): destination with the same identifier (name{equation.0.2}
) has been already used, duplicate ignored
<to be read again> 
                   \relax 
l.243 \begin{equation}
                      
pdfTeX warning (ext4): destination with the same identifier (name{equation.0.2}
) has been already used, duplicate ignored
<to be read again> 
                   \relax 
l.243 \begin{equation}
                      
pdfTeX warning (ext4): destination with the same identifier (name{equation.0.2}
) has been already used, duplicate ignored
<to be read again> 
                   \relax 
l.243 \begin{equation}
                      
pdfTeX warning (ext4): destination with the same identifier (name{equation.0.3}
) has been already used, duplicate ignored
<to be read again> 
                   \relax 
l.248 \begin{equation}
                      
pdfTeX warning (ext4): destination with the same identifier (name{equation.0.3}
) has been already used, duplicate ignored
<to be read again> 
                   \relax 
l.248 \begin{equation}
                      
pdfTeX warning (ext4): destination with the same identifier (name{equation.0.3}
) has been already used, duplicate ignored
<to be read again> 
                   \relax 
l.248 \begin{equation}
                      
pdfTeX warning (ext4): destination with the same identifier (name{equation.0.3}
) has been already used, duplicate ignored
<to be read again> 
                   \relax 
l.248 \begin{equation}
                      
pdfTeX warning (ext4): destination with the same identifier (name{equation.0.4}
) has been already used, duplicate ignored
<to be read again> 
                   \relax 
l.252 \begin{equation}
                      
pdfTeX warning (ext4): destination with the same identifier (name{equation.0.4}
) has been already used, duplicate ignored
<to be read again> 
                   \relax 
l.252 \begin{equation}
                      
pdfTeX warning (ext4): destination with the same identifier (name{equation.0.4}
) has been already used, duplicate ignored
<to be read again> 
                   \relax 
l.252 \begin{equation}
                      
pdfTeX warning (ext4): destination with the same identifier (name{equation.0.4}
) has been already used, duplicate ignored
<to be read again> 
                   \relax 
l.252 \begin{equation}
                      
pdfTeX warning (ext4): destination with the same identifier (name{equation.0.5}
) has been already used, duplicate ignored
<to be read again> 
                   \relax 
l.256 \begin{equation}
                      
pdfTeX warning (ext4): destination with the same identifier (name{equation.0.5}
) has been already used, duplicate ignored
<to be read again> 
                   \relax 
l.256 \begin{equation}
                      
pdfTeX warning (ext4): destination with the same identifier (name{equation.0.5}
) has been already used, duplicate ignored
<to be read again> 
                   \relax 
l.256 \begin{equation}
                      
pdfTeX warning (ext4): destination with the same identifier (name{equation.0.5}
) has been already used, duplicate ignored
<to be read again> 
                   \relax 
l.256 \begin{equation}
                      
pdfTeX warning (ext4): destination with the same identifier (name{equation.0.6}
) has been already used, duplicate ignored
<to be read again> 
                   \relax 
l.260 \begin{equation}
                      
pdfTeX warning (ext4): destination with the same identifier (name{equation.0.6}
) has been already used, duplicate ignored
<to be read again> 
                   \relax 
l.260 \begin{equation}
                      
pdfTeX warning (ext4): destination with the same identifier (name{equation.0.6}
) has been already used, duplicate ignored
<to be read again> 
                   \relax 
l.260 \begin{equation}
                      
pdfTeX warning (ext4): destination with the same identifier (name{equation.0.6}
) has been already used, duplicate ignored
<to be read again> 
                   \relax 
l.260 \begin{equation}
                      
pdfTeX warning (ext4): destination with the same identifier (name{equation.0.7}
) has been already used, duplicate ignored
<to be read again> 
                   \relax 
l.266 \begin{equation}
                      
pdfTeX warning (ext4): destination with the same identifier (name{equation.0.7}
) has been already used, duplicate ignored
<to be read again> 
                   \relax 
l.266 \begin{equation}
                      
pdfTeX warning (ext4): destination with the same identifier (name{equation.0.7}
) has been already used, duplicate ignored
<to be read again> 
                   \relax 
l.266 \begin{equation}
                      
pdfTeX warning (ext4): destination with the same identifier (name{equation.0.7}
) has been already used, duplicate ignored
<to be read again> 
                   \relax 
l.266 \begin{equation}
                      
pdfTeX warning (ext4): destination with the same identifier (name{equation.0.8}
) has been already used, duplicate ignored
<to be read again> 
                   \relax 
l.272 \begin{equation}
                      
pdfTeX warning (ext4): destination with the same identifier (name{equation.0.8}
) has been already used, duplicate ignored
<to be read again> 
                   \relax 
l.272 \begin{equation}
                      
pdfTeX warning (ext4): destination with the same identifier (name{equation.0.8}
) has been already used, duplicate ignored
<to be read again> 
                   \relax 
l.272 \begin{equation}
                      
pdfTeX warning (ext4): destination with the same identifier (name{equation.0.8}
) has been already used, duplicate ignored
<to be read again> 
                   \relax 
l.272 \begin{equation}
                      
pdfTeX warning (ext4): destination with the same identifier (name{equation.0.9}
) has been already used, duplicate ignored
<to be read again> 
                   \relax 
l.278 \begin{equation}
                      
pdfTeX warning (ext4): destination with the same identifier (name{equation.0.9}
) has been already used, duplicate ignored
<to be read again> 
                   \relax 
l.278 \begin{equation}
                      
pdfTeX warning (ext4): destination with the same identifier (name{equation.0.9}
) has been already used, duplicate ignored
<to be read again> 
                   \relax 
l.278 \begin{equation}
                      
pdfTeX warning (ext4): destination with the same identifier (name{equation.0.9}
) has been already used, duplicate ignored
<to be read again> 
                   \relax 
l.278 \begin{equation}
                      
pdfTeX warning (ext4): destination with the same identifier (name{equation.0.10
}) has been already used, duplicate ignored
<to be read again> 
                   \relax 
l.282 \begin{equation}
                      
pdfTeX warning (ext4): destination with the same identifier (name{equation.0.10
}) has been already used, duplicate ignored
<to be read again> 
                   \relax 
l.282 \begin{equation}
                      
pdfTeX warning (ext4): destination with the same identifier (name{equation.0.10
}) has been already used, duplicate ignored
<to be read again> 
                   \relax 
l.282 \begin{equation}
                      
pdfTeX warning (ext4): destination with the same identifier (name{equation.0.10
}) has been already used, duplicate ignored
<to be read again> 
                   \relax 
l.282 \begin{equation}
                      
pdfTeX warning (ext4): destination with the same identifier (name{equation.0.11
}) has been already used, duplicate ignored
<to be read again> 
                   \relax 
l.286 \begin{equation}
                      
pdfTeX warning (ext4): destination with the same identifier (name{equation.0.11
}) has been already used, duplicate ignored
<to be read again> 
                   \relax 
l.286 \begin{equation}
                      
pdfTeX warning (ext4): destination with the same identifier (name{equation.0.11
}) has been already used, duplicate ignored
<to be read again> 
                   \relax 
l.286 \begin{equation}
                      
pdfTeX warning (ext4): destination with the same identifier (name{equation.0.11
}) has been already used, duplicate ignored
<to be read again> 
                   \relax 
l.286 \begin{equation}
                       [6 <./images/Problem4.png>]
Underfull \hbox (badness 10000) in paragraph at lines 293--294

 []

<images/Problem4design.png, id=89, 335.75438pt x 390.70969pt>
File: images/Problem4design.png Graphic file (type png)
<use images/Problem4design.png>
Package pdftex.def Info: images/Problem4design.png  used on input line 296.
(pdftex.def)             Requested size: 289.07999pt x 336.39725pt.

Underfull \hbox (badness 10000) in paragraph at lines 295--297

 []

<images/Problem4lowerlength.png, id=90, 1201.48875pt x 425.33907pt>
File: images/Problem4lowerlength.png Graphic file (type png)
<use images/Problem4lowerlength.png>
Package pdftex.def Info: images/Problem4lowerlength.png  used on input line 299
.
(pdftex.def)             Requested size: 433.62pt x 153.50485pt.
<images/Problem4higherlength.png, id=91, 1203.7472pt x 442.65375pt>
File: images/Problem4higherlength.png Graphic file (type png)
<use images/Problem4higherlength.png>
Package pdftex.def Info: images/Problem4higherlength.png  used on input line 30
0.
(pdftex.def)             Requested size: 433.62pt x 159.45653pt.

Underfull \hbox (badness 10000) in paragraph at lines 298--303

 []

[7 <./images/Problem4design.png>]
<images/Problem4design2.png, id=99, 751.30687pt x 415.5525pt>
File: images/Problem4design2.png Graphic file (type png)
<use images/Problem4design2.png>
Package pdftex.def Info: images/Problem4design2.png  used on input line 304.
(pdftex.def)             Requested size: 289.07999pt x 159.89626pt.

Underfull \hbox (badness 10000) in paragraph at lines 304--305

 []


Underfull \hbox (badness 10000) in paragraph at lines 308--309

 []

[8 <./images/Problem4lowerlength.png> <./images/Problem4higherlength.png> <./im
ages/Problem4design2.png>]
<images/Problem4design3.png, id=108, 744.53156pt x 417.81094pt>
File: images/Problem4design3.png Graphic file (type png)
<use images/Problem4design3.png>
Package pdftex.def Info: images/Problem4design3.png  used on input line 342.
(pdftex.def)             Requested size: 289.07999pt x 162.2252pt.

Underfull \hbox (badness 10000) in paragraph at lines 340--343

 []

<images/Problem5.png, id=109, 304.13625pt x 282.30469pt>
File: images/Problem5.png Graphic file (type png)
<use images/Problem5.png>
Package pdftex.def Info: images/Problem5.png  used on input line 350.
(pdftex.def)             Requested size: 289.07999pt x 268.33438pt.

Underfull \hbox (badness 10000) in paragraph at lines 346--351

 []

[9 <./images/Problem4design3.png>]
pdfTeX warning (ext4): destination with the same identifier (name{equation.0.1}
) has been already used, duplicate ignored
<to be read again> 
                   \relax 
l.356 \begin{equation}
                      
pdfTeX warning (ext4): destination with the same identifier (name{equation.0.1}
) has been already used, duplicate ignored
<to be read again> 
                   \relax 
l.356 \begin{equation}
                      
pdfTeX warning (ext4): destination with the same identifier (name{equation.0.1}
) has been already used, duplicate ignored
<to be read again> 
                   \relax 
l.356 \begin{equation}
                      
pdfTeX warning (ext4): destination with the same identifier (name{equation.0.1}
) has been already used, duplicate ignored
<to be read again> 
                   \relax 
l.356 \begin{equation}
                      
pdfTeX warning (ext4): destination with the same identifier (name{equation.0.2}
) has been already used, duplicate ignored
<to be read again> 
                   \relax 
l.360 \begin{equation}
                      
pdfTeX warning (ext4): destination with the same identifier (name{equation.0.2}
) has been already used, duplicate ignored
<to be read again> 
                   \relax 
l.360 \begin{equation}
                      
pdfTeX warning (ext4): destination with the same identifier (name{equation.0.2}
) has been already used, duplicate ignored
<to be read again> 
                   \relax 
l.360 \begin{equation}
                      
pdfTeX warning (ext4): destination with the same identifier (name{equation.0.2}
) has been already used, duplicate ignored
<to be read again> 
                   \relax 
l.360 \begin{equation}
                      
pdfTeX warning (ext4): destination with the same identifier (name{equation.0.3}
) has been already used, duplicate ignored
<to be read again> 
                   \relax 
l.364 \begin{equation}
                      
pdfTeX warning (ext4): destination with the same identifier (name{equation.0.3}
) has been already used, duplicate ignored
<to be read again> 
                   \relax 
l.364 \begin{equation}
                      
pdfTeX warning (ext4): destination with the same identifier (name{equation.0.3}
) has been already used, duplicate ignored
<to be read again> 
                   \relax 
l.364 \begin{equation}
                      
pdfTeX warning (ext4): destination with the same identifier (name{equation.0.3}
) has been already used, duplicate ignored
<to be read again> 
                   \relax 
l.364 \begin{equation}
                      
pdfTeX warning (ext4): destination with the same identifier (name{equation.0.4}
) has been already used, duplicate ignored
<to be read again> 
                   \relax 
l.367 \begin{equation}
                      
pdfTeX warning (ext4): destination with the same identifier (name{equation.0.4}
) has been already used, duplicate ignored
<to be read again> 
                   \relax 
l.367 \begin{equation}
                      
pdfTeX warning (ext4): destination with the same identifier (name{equation.0.4}
) has been already used, duplicate ignored
<to be read again> 
                   \relax 
l.367 \begin{equation}
                      
pdfTeX warning (ext4): destination with the same identifier (name{equation.0.4}
) has been already used, duplicate ignored
<to be read again> 
                   \relax 
l.367 \begin{equation}
                      
<images/5TOpamp.png, id=123, 563.10374pt x 403.5075pt>
File: images/5TOpamp.png Graphic file (type png)
<use images/5TOpamp.png>
Package pdftex.def Info: images/5TOpamp.png  used on input line 371.
(pdftex.def)             Requested size: 289.07999pt x 207.1468pt.
<images/5TOpampPractical.png, id=124, 688.07062pt x 514.17094pt>
File: images/5TOpampPractical.png Graphic file (type png)
<use images/5TOpampPractical.png>
Package pdftex.def Info: images/5TOpampPractical.png  used on input line 372.
(pdftex.def)             Requested size: 289.07999pt x 216.02094pt.

Underfull \hbox (badness 10000) in paragraph at lines 369--373

 []

[10 <./images/Problem5.png>]
pdfTeX warning (ext4): destination with the same identifier (name{equation.0.5}
) has been already used, duplicate ignored
<to be read again> 
                   \relax 
l.373 \begin{equation}
                      
pdfTeX warning (ext4): destination with the same identifier (name{equation.0.5}
) has been already used, duplicate ignored
<to be read again> 
                   \relax 
l.373 \begin{equation}
                      
pdfTeX warning (ext4): destination with the same identifier (name{equation.0.5}
) has been already used, duplicate ignored
<to be read again> 
                   \relax 
l.373 \begin{equation}
                      
pdfTeX warning (ext4): destination with the same identifier (name{equation.0.5}
) has been already used, duplicate ignored
<to be read again> 
                   \relax 
l.373 \begin{equation}
                      
pdfTeX warning (ext4): destination with the same identifier (name{equation.0.6}
) has been already used, duplicate ignored
<to be read again> 
                   \relax 
l.377 \begin{equation}
                      
pdfTeX warning (ext4): destination with the same identifier (name{equation.0.6}
) has been already used, duplicate ignored
<to be read again> 
                   \relax 
l.377 \begin{equation}
                      
pdfTeX warning (ext4): destination with the same identifier (name{equation.0.6}
) has been already used, duplicate ignored
<to be read again> 
                   \relax 
l.377 \begin{equation}
                      
pdfTeX warning (ext4): destination with the same identifier (name{equation.0.6}
) has been already used, duplicate ignored
<to be read again> 
                   \relax 
l.377 \begin{equation}
                      
pdfTeX warning (ext4): destination with the same identifier (name{equation.0.7}
) has been already used, duplicate ignored
<to be read again> 
                   \relax 
l.381 \begin{equation}
                      
pdfTeX warning (ext4): destination with the same identifier (name{equation.0.7}
) has been already used, duplicate ignored
<to be read again> 
                   \relax 
l.381 \begin{equation}
                      
pdfTeX warning (ext4): destination with the same identifier (name{equation.0.7}
) has been already used, duplicate ignored
<to be read again> 
                   \relax 
l.381 \begin{equation}
                      
pdfTeX warning (ext4): destination with the same identifier (name{equation.0.7}
) has been already used, duplicate ignored
<to be read again> 
                   \relax 
l.381 \begin{equation}
                      
pdfTeX warning (ext4): destination with the same identifier (name{equation.0.8}
) has been already used, duplicate ignored
<to be read again> 
                   \relax 
l.385 \begin{equation}
                      
pdfTeX warning (ext4): destination with the same identifier (name{equation.0.8}
) has been already used, duplicate ignored
<to be read again> 
                   \relax 
l.385 \begin{equation}
                      
pdfTeX warning (ext4): destination with the same identifier (name{equation.0.8}
) has been already used, duplicate ignored
<to be read again> 
                   \relax 
l.385 \begin{equation}
                      
pdfTeX warning (ext4): destination with the same identifier (name{equation.0.8}
) has been already used, duplicate ignored
<to be read again> 
                   \relax 
l.385 \begin{equation}
                      
pdfTeX warning (ext4): destination with the same identifier (name{equation.0.9}
) has been already used, duplicate ignored
<to be read again> 
                   \relax 
l.389 \begin{equation}
                      
pdfTeX warning (ext4): destination with the same identifier (name{equation.0.9}
) has been already used, duplicate ignored
<to be read again> 
                   \relax 
l.389 \begin{equation}
                      
pdfTeX warning (ext4): destination with the same identifier (name{equation.0.9}
) has been already used, duplicate ignored
<to be read again> 
                   \relax 
l.389 \begin{equation}
                      
pdfTeX warning (ext4): destination with the same identifier (name{equation.0.9}
) has been already used, duplicate ignored
<to be read again> 
                   \relax 
l.389 \begin{equation}
                      
pdfTeX warning (ext4): destination with the same identifier (name{equation.0.10
}) has been already used, duplicate ignored
<to be read again> 
                   \relax 
l.393 \begin{equation}
                      
pdfTeX warning (ext4): destination with the same identifier (name{equation.0.10
}) has been already used, duplicate ignored
<to be read again> 
                   \relax 
l.393 \begin{equation}
                      
pdfTeX warning (ext4): destination with the same identifier (name{equation.0.10
}) has been already used, duplicate ignored
<to be read again> 
                   \relax 
l.393 \begin{equation}
                      
pdfTeX warning (ext4): destination with the same identifier (name{equation.0.10
}) has been already used, duplicate ignored
<to be read again> 
                   \relax 
l.393 \begin{equation}
                      
pdfTeX warning (ext4): destination with the same identifier (name{equation.0.11
}) has been already used, duplicate ignored
<to be read again> 
                   \relax 
l.397 \begin{equation}
                      
pdfTeX warning (ext4): destination with the same identifier (name{equation.0.11
}) has been already used, duplicate ignored
<to be read again> 
                   \relax 
l.397 \begin{equation}
                      
pdfTeX warning (ext4): destination with the same identifier (name{equation.0.11
}) has been already used, duplicate ignored
<to be read again> 
                   \relax 
l.397 \begin{equation}
                      
pdfTeX warning (ext4): destination with the same identifier (name{equation.0.11
}) has been already used, duplicate ignored
<to be read again> 
                   \relax 
l.397 \begin{equation}
                       [11 <./images/5TOpamp.png> <./images/5TOpampPractical.pn
g>]
<images/Problem5design.png, id=136, 484.05844pt x 369.63094pt>
File: images/Problem5design.png Graphic file (type png)
<use images/Problem5design.png>
Package pdftex.def Info: images/Problem5design.png  used on input line 401.
(pdftex.def)             Requested size: 433.62pt x 331.13065pt.

Underfull \hbox (badness 10000) in paragraph at lines 401--402

 []


Underfull \hbox (badness 10000) in paragraph at lines 410--413

 []

<images/Problem8.png, id=137, 501.37312pt x 377.15906pt>
File: images/Problem8.png Graphic file (type png)
<use images/Problem8.png>
Package pdftex.def Info: images/Problem8.png  used on input line 418.
(pdftex.def)             Requested size: 433.62pt x 326.20932pt.

Underfull \hbox (badness 10000) in paragraph at lines 415--419

 []

[12 <./images/Problem5design.png>]
pdfTeX warning (ext4): destination with the same identifier (name{equation.0.1}
) has been already used, duplicate ignored
<to be read again> 
                   \relax 
l.430 \begin{equation}
                      
pdfTeX warning (ext4): destination with the same identifier (name{equation.0.1}
) has been already used, duplicate ignored
<to be read again> 
                   \relax 
l.430 \begin{equation}
                      
pdfTeX warning (ext4): destination with the same identifier (name{equation.0.1}
) has been already used, duplicate ignored
<to be read again> 
                   \relax 
l.430 \begin{equation}
                      
pdfTeX warning (ext4): destination with the same identifier (name{equation.0.1}
) has been already used, duplicate ignored
<to be read again> 
                   \relax 
l.430 \begin{equation}
                      
pdfTeX warning (ext4): destination with the same identifier (name{equation.0.2}
) has been already used, duplicate ignored
<to be read again> 
                   \relax 
l.433 \begin{equation}
                      
pdfTeX warning (ext4): destination with the same identifier (name{equation.0.2}
) has been already used, duplicate ignored
<to be read again> 
                   \relax 
l.433 \begin{equation}
                      
pdfTeX warning (ext4): destination with the same identifier (name{equation.0.2}
) has been already used, duplicate ignored
<to be read again> 
                   \relax 
l.433 \begin{equation}
                      
pdfTeX warning (ext4): destination with the same identifier (name{equation.0.2}
) has been already used, duplicate ignored
<to be read again> 
                   \relax 
l.433 \begin{equation}
                      
pdfTeX warning (ext4): destination with the same identifier (name{equation.0.3}
) has been already used, duplicate ignored
<to be read again> 
                   \relax 
l.437 \begin{equation}
                      
pdfTeX warning (ext4): destination with the same identifier (name{equation.0.3}
) has been already used, duplicate ignored
<to be read again> 
                   \relax 
l.437 \begin{equation}
                      
pdfTeX warning (ext4): destination with the same identifier (name{equation.0.3}
) has been already used, duplicate ignored
<to be read again> 
                   \relax 
l.437 \begin{equation}
                      
pdfTeX warning (ext4): destination with the same identifier (name{equation.0.3}
) has been already used, duplicate ignored
<to be read again> 
                   \relax 
l.437 \begin{equation}
                      
pdfTeX warning (ext4): destination with the same identifier (name{equation.0.4}
) has been already used, duplicate ignored
<to be read again> 
                   \relax 
l.440 \begin{equation}
                      
pdfTeX warning (ext4): destination with the same identifier (name{equation.0.4}
) has been already used, duplicate ignored
<to be read again> 
                   \relax 
l.440 \begin{equation}
                      
pdfTeX warning (ext4): destination with the same identifier (name{equation.0.4}
) has been already used, duplicate ignored
<to be read again> 
                   \relax 
l.440 \begin{equation}
                      
pdfTeX warning (ext4): destination with the same identifier (name{equation.0.4}
) has been already used, duplicate ignored
<to be read again> 
                   \relax 
l.440 \begin{equation}
                      
pdfTeX warning (ext4): destination with the same identifier (name{equation.0.5}
) has been already used, duplicate ignored
<to be read again> 
                   \relax 
l.444 \begin{equation}
                      
pdfTeX warning (ext4): destination with the same identifier (name{equation.0.5}
) has been already used, duplicate ignored
<to be read again> 
                   \relax 
l.444 \begin{equation}
                      
pdfTeX warning (ext4): destination with the same identifier (name{equation.0.5}
) has been already used, duplicate ignored
<to be read again> 
                   \relax 
l.444 \begin{equation}
                      
pdfTeX warning (ext4): destination with the same identifier (name{equation.0.5}
) has been already used, duplicate ignored
<to be read again> 
                   \relax 
l.444 \begin{equation}
                      
pdfTeX warning (ext4): destination with the same identifier (name{equation.0.6}
) has been already used, duplicate ignored
<to be read again> 
                   \relax 
l.447 \begin{equation}
                      
pdfTeX warning (ext4): destination with the same identifier (name{equation.0.6}
) has been already used, duplicate ignored
<to be read again> 
                   \relax 
l.447 \begin{equation}
                      
pdfTeX warning (ext4): destination with the same identifier (name{equation.0.6}
) has been already used, duplicate ignored
<to be read again> 
                   \relax 
l.447 \begin{equation}
                      
pdfTeX warning (ext4): destination with the same identifier (name{equation.0.6}
) has been already used, duplicate ignored
<to be read again> 
                   \relax 
l.447 \begin{equation}
                       [13 <./images/Problem8.png>]
pdfTeX warning (ext4): destination with the same identifier (name{equation.0.7}
) has been already used, duplicate ignored
<to be read again> 
                   \relax 
l.451 \begin{equation}
                      
pdfTeX warning (ext4): destination with the same identifier (name{equation.0.7}
) has been already used, duplicate ignored
<to be read again> 
                   \relax 
l.451 \begin{equation}
                      
pdfTeX warning (ext4): destination with the same identifier (name{equation.0.7}
) has been already used, duplicate ignored
<to be read again> 
                   \relax 
l.451 \begin{equation}
                      
pdfTeX warning (ext4): destination with the same identifier (name{equation.0.7}
) has been already used, duplicate ignored
<to be read again> 
                   \relax 
l.451 \begin{equation}
                      
pdfTeX warning (ext4): destination with the same identifier (name{equation.0.8}
) has been already used, duplicate ignored
<to be read again> 
                   \relax 
l.455 \begin{equation}
                      
pdfTeX warning (ext4): destination with the same identifier (name{equation.0.8}
) has been already used, duplicate ignored
<to be read again> 
                   \relax 
l.455 \begin{equation}
                      
pdfTeX warning (ext4): destination with the same identifier (name{equation.0.8}
) has been already used, duplicate ignored
<to be read again> 
                   \relax 
l.455 \begin{equation}
                      
pdfTeX warning (ext4): destination with the same identifier (name{equation.0.8}
) has been already used, duplicate ignored
<to be read again> 
                   \relax 
l.455 \begin{equation}
                      
pdfTeX warning (ext4): destination with the same identifier (name{equation.0.9}
) has been already used, duplicate ignored
<to be read again> 
                   \relax 
l.461 \begin{equation}
                      
pdfTeX warning (ext4): destination with the same identifier (name{equation.0.9}
) has been already used, duplicate ignored
<to be read again> 
                   \relax 
l.461 \begin{equation}
                      
pdfTeX warning (ext4): destination with the same identifier (name{equation.0.9}
) has been already used, duplicate ignored
<to be read again> 
                   \relax 
l.461 \begin{equation}
                      
pdfTeX warning (ext4): destination with the same identifier (name{equation.0.9}
) has been already used, duplicate ignored
<to be read again> 
                   \relax 
l.461 \begin{equation}
                      
pdfTeX warning (ext4): destination with the same identifier (name{equation.0.10
}) has been already used, duplicate ignored
<to be read again> 
                   \relax 
l.464 \begin{equation}
                      
pdfTeX warning (ext4): destination with the same identifier (name{equation.0.10
}) has been already used, duplicate ignored
<to be read again> 
                   \relax 
l.464 \begin{equation}
                      
pdfTeX warning (ext4): destination with the same identifier (name{equation.0.10
}) has been already used, duplicate ignored
<to be read again> 
                   \relax 
l.464 \begin{equation}
                      
pdfTeX warning (ext4): destination with the same identifier (name{equation.0.10
}) has been already used, duplicate ignored
<to be read again> 
                   \relax 
l.464 \begin{equation}
                      
pdfTeX warning (ext4): destination with the same identifier (name{equation.0.11
}) has been already used, duplicate ignored
<to be read again> 
                   \relax 
l.467 \begin{equation}
                      
pdfTeX warning (ext4): destination with the same identifier (name{equation.0.11
}) has been already used, duplicate ignored
<to be read again> 
                   \relax 
l.467 \begin{equation}
                      
pdfTeX warning (ext4): destination with the same identifier (name{equation.0.11
}) has been already used, duplicate ignored
<to be read again> 
                   \relax 
l.467 \begin{equation}
                      
pdfTeX warning (ext4): destination with the same identifier (name{equation.0.11
}) has been already used, duplicate ignored
<to be read again> 
                   \relax 
l.467 \begin{equation}
                      
pdfTeX warning (ext4): destination with the same identifier (name{equation.0.12
}) has been already used, duplicate ignored
<to be read again> 
                   \relax 
l.471 \begin{equation}
                      
pdfTeX warning (ext4): destination with the same identifier (name{equation.0.12
}) has been already used, duplicate ignored
<to be read again> 
                   \relax 
l.471 \begin{equation}
                      
pdfTeX warning (ext4): destination with the same identifier (name{equation.0.12
}) has been already used, duplicate ignored
<to be read again> 
                   \relax 
l.471 \begin{equation}
                      
pdfTeX warning (ext4): destination with the same identifier (name{equation.0.12
}) has been already used, duplicate ignored
<to be read again> 
                   \relax 
l.471 \begin{equation}
                      
pdfTeX warning (ext4): destination with the same identifier (name{equation.0.13
}) has been already used, duplicate ignored
<to be read again> 
                   \relax 
l.475 \begin{equation}
                      
pdfTeX warning (ext4): destination with the same identifier (name{equation.0.13
}) has been already used, duplicate ignored
<to be read again> 
                   \relax 
l.475 \begin{equation}
                      
pdfTeX warning (ext4): destination with the same identifier (name{equation.0.13
}) has been already used, duplicate ignored
<to be read again> 
                   \relax 
l.475 \begin{equation}
                      
pdfTeX warning (ext4): destination with the same identifier (name{equation.0.13
}) has been already used, duplicate ignored
<to be read again> 
                   \relax 
l.475 \begin{equation}
                      
pdfTeX warning (ext4): destination with the same identifier (name{equation.0.14
}) has been already used, duplicate ignored
<to be read again> 
                   \relax 
l.480 \begin{equation}
                      
pdfTeX warning (ext4): destination with the same identifier (name{equation.0.14
}) has been already used, duplicate ignored
<to be read again> 
                   \relax 
l.480 \begin{equation}
                      
pdfTeX warning (ext4): destination with the same identifier (name{equation.0.14
}) has been already used, duplicate ignored
<to be read again> 
                   \relax 
l.480 \begin{equation}
                      
pdfTeX warning (ext4): destination with the same identifier (name{equation.0.14
}) has been already used, duplicate ignored
<to be read again> 
                   \relax 
l.480 \begin{equation}
                      
pdfTeX warning (ext4): destination with the same identifier (name{equation.0.15
}) has been already used, duplicate ignored
<to be read again> 
                   \relax 
l.491 \begin{equation}
                      
pdfTeX warning (ext4): destination with the same identifier (name{equation.0.15
}) has been already used, duplicate ignored
<to be read again> 
                   \relax 
l.491 \begin{equation}
                      
pdfTeX warning (ext4): destination with the same identifier (name{equation.0.15
}) has been already used, duplicate ignored
<to be read again> 
                   \relax 
l.491 \begin{equation}
                      
pdfTeX warning (ext4): destination with the same identifier (name{equation.0.15
}) has been already used, duplicate ignored
<to be read again> 
                   \relax 
l.491 \begin{equation}
                      
pdfTeX warning (ext4): destination with the same identifier (name{equation.0.16
}) has been already used, duplicate ignored
<to be read again> 
                   \relax 
l.495 \begin{equation}
                      
pdfTeX warning (ext4): destination with the same identifier (name{equation.0.16
}) has been already used, duplicate ignored
<to be read again> 
                   \relax 
l.495 \begin{equation}
                      
pdfTeX warning (ext4): destination with the same identifier (name{equation.0.16
}) has been already used, duplicate ignored
<to be read again> 
                   \relax 
l.495 \begin{equation}
                      
pdfTeX warning (ext4): destination with the same identifier (name{equation.0.16
}) has been already used, duplicate ignored
<to be read again> 
                   \relax 
l.495 \begin{equation}
                      
pdfTeX warning (ext4): destination with the same identifier (name{equation.0.17
}) has been already used, duplicate ignored
<to be read again> 
                   \relax 
l.500 \begin{equation}
                      
pdfTeX warning (ext4): destination with the same identifier (name{equation.0.17
}) has been already used, duplicate ignored
<to be read again> 
                   \relax 
l.500 \begin{equation}
                      
pdfTeX warning (ext4): destination with the same identifier (name{equation.0.17
}) has been already used, duplicate ignored
<to be read again> 
                   \relax 
l.500 \begin{equation}
                      
pdfTeX warning (ext4): destination with the same identifier (name{equation.0.17
}) has been already used, duplicate ignored
<to be read again> 
                   \relax 
l.500 \begin{equation}
                      
pdfTeX warning (ext4): destination with the same identifier (name{equation.0.1}
) has been already used, duplicate ignored
<to be read again> 
                   \relax 
l.513 \begin{equation}
                      
pdfTeX warning (ext4): destination with the same identifier (name{equation.0.1}
) has been already used, duplicate ignored
<to be read again> 
                   \relax 
l.513 \begin{equation}
                      
pdfTeX warning (ext4): destination with the same identifier (name{equation.0.1}
) has been already used, duplicate ignored
<to be read again> 
                   \relax 
l.513 \begin{equation}
                      
pdfTeX warning (ext4): destination with the same identifier (name{equation.0.1}
) has been already used, duplicate ignored
<to be read again> 
                   \relax 
l.513 \begin{equation}
                       [14]
pdfTeX warning (ext4): destination with the same identifier (name{equation.0.2}
) has been already used, duplicate ignored
<to be read again> 
                   \relax 
l.520 \begin{equation}
                      
pdfTeX warning (ext4): destination with the same identifier (name{equation.0.2}
) has been already used, duplicate ignored
<to be read again> 
                   \relax 
l.520 \begin{equation}
                      
pdfTeX warning (ext4): destination with the same identifier (name{equation.0.2}
) has been already used, duplicate ignored
<to be read again> 
                   \relax 
l.520 \begin{equation}
                      
pdfTeX warning (ext4): destination with the same identifier (name{equation.0.2}
) has been already used, duplicate ignored
<to be read again> 
                   \relax 
l.520 \begin{equation}
                      
pdfTeX warning (ext4): destination with the same identifier (name{equation.0.3}
) has been already used, duplicate ignored
<to be read again> 
                   \relax 
l.525 \begin{equation}
                      
pdfTeX warning (ext4): destination with the same identifier (name{equation.0.3}
) has been already used, duplicate ignored
<to be read again> 
                   \relax 
l.525 \begin{equation}
                      
pdfTeX warning (ext4): destination with the same identifier (name{equation.0.3}
) has been already used, duplicate ignored
<to be read again> 
                   \relax 
l.525 \begin{equation}
                      
pdfTeX warning (ext4): destination with the same identifier (name{equation.0.3}
) has been already used, duplicate ignored
<to be read again> 
                   \relax 
l.525 \begin{equation}
                      
<images/Problem10.png, id=159, 331.2375pt x 258.9675pt>
File: images/Problem10.png Graphic file (type png)
<use images/Problem10.png>
Package pdftex.def Info: images/Problem10.png  used on input line 534.
(pdftex.def)             Requested size: 216.81pt x 169.50441pt.

Underfull \hbox (badness 10000) in paragraph at lines 533--535

 []


Underfull \hbox (badness 10000) in paragraph at lines 537--538

 []

<images/p10p1.png, id=160, 368.87813pt x 498.36188pt>
File: images/p10p1.png Graphic file (type png)
<use images/p10p1.png>
Package pdftex.def Info: images/p10p1.png  used on input line 540.
(pdftex.def)             Requested size: 144.54pt x 195.27287pt.

Underfull \hbox (badness 10000) in paragraph at lines 539--541

 []

[15 <./images/Problem10.png>]
pdfTeX warning (ext4): destination with the same identifier (name{equation.0.1}
) has been already used, duplicate ignored
<to be read again> 
                   \relax 
l.554 \begin{equation}
                      
pdfTeX warning (ext4): destination with the same identifier (name{equation.0.1}
) has been already used, duplicate ignored
<to be read again> 
                   \relax 
l.554 \begin{equation}
                      
pdfTeX warning (ext4): destination with the same identifier (name{equation.0.1}
) has been already used, duplicate ignored
<to be read again> 
                   \relax 
l.554 \begin{equation}
                      
pdfTeX warning (ext4): destination with the same identifier (name{equation.0.1}
) has been already used, duplicate ignored
<to be read again> 
                   \relax 
l.554 \begin{equation}
                      
Underfull \hbox (badness 10000) in paragraph at lines 560--562

 []


pdfTeX warning (ext4): destination with the same identifier (name{equation.0.2}
) has been already used, duplicate ignored
<to be read again> 
                   \relax 
l.562 \begin{equation}
                      
pdfTeX warning (ext4): destination with the same identifier (name{equation.0.2}
) has been already used, duplicate ignored
<to be read again> 
                   \relax 
l.562 \begin{equation}
                      
pdfTeX warning (ext4): destination with the same identifier (name{equation.0.2}
) has been already used, duplicate ignored
<to be read again> 
                   \relax 
l.562 \begin{equation}
                      
pdfTeX warning (ext4): destination with the same identifier (name{equation.0.2}
) has been already used, duplicate ignored
<to be read again> 
                   \relax 
l.562 \begin{equation}
                      
pdfTeX warning (ext4): destination with the same identifier (name{equation.0.3}
) has been already used, duplicate ignored
<to be read again> 
                   \relax 
l.573 \begin{equation}
                      
pdfTeX warning (ext4): destination with the same identifier (name{equation.0.3}
) has been already used, duplicate ignored
<to be read again> 
                   \relax 
l.573 \begin{equation}
                      
pdfTeX warning (ext4): destination with the same identifier (name{equation.0.3}
) has been already used, duplicate ignored
<to be read again> 
                   \relax 
l.573 \begin{equation}
                      
pdfTeX warning (ext4): destination with the same identifier (name{equation.0.3}
) has been already used, duplicate ignored
<to be read again> 
                   \relax 
l.573 \begin{equation}
                      
pdfTeX warning (ext4): destination with the same identifier (name{equation.0.4}
) has been already used, duplicate ignored
<to be read again> 
                   \relax 
l.577 \begin{equation}
                      
pdfTeX warning (ext4): destination with the same identifier (name{equation.0.4}
) has been already used, duplicate ignored
<to be read again> 
                   \relax 
l.577 \begin{equation}
                      
pdfTeX warning (ext4): destination with the same identifier (name{equation.0.4}
) has been already used, duplicate ignored
<to be read again> 
                   \relax 
l.577 \begin{equation}
                      
pdfTeX warning (ext4): destination with the same identifier (name{equation.0.4}
) has been already used, duplicate ignored
<to be read again> 
                   \relax 
l.577 \begin{equation}
                       [16 <./images/p10p1.png>] [17] (HW2.aux)
Package rerunfilecheck Info: File `HW2.out' has not changed.
(rerunfilecheck)             Checksum: D41D8CD98F00B204E9800998ECF8427E;0.
 ) 
Here is how much of TeX's memory you used:
 12144 strings out of 476331
 189602 string characters out of 5787293
 1892660 words of memory out of 5000000
 32335 multiletter control sequences out of 15000+600000
 515999 words of font info for 47 fonts, out of 8000000 for 9000
 1141 hyphenation exceptions out of 8191
 63i,9n,67p,456b,1197s stack positions out of 10000i,1000n,20000p,200000b,200000s
 <C:\Users\Jetsan\AppData\Local\MiKTeX\fonts/pk/ljfour/jknappen/ec/dpi600\tcr
m1000.pk><C:/Users/Jetsan/AppData/Local/Programs/MiKTeX/fonts/type1/public/amsf
onts/cm/cmbx10.pfb><C:/Users/Jetsan/AppData/Local/Programs/MiKTeX/fonts/type1/p
ublic/amsfonts/cm/cmbx12.pfb><C:/Users/Jetsan/AppData/Local/Programs/MiKTeX/fon
ts/type1/public/amsfonts/cm/cmex10.pfb><C:/Users/Jetsan/AppData/Local/Programs/
MiKTeX/fonts/type1/public/amsfonts/cm/cmmi10.pfb><C:/Users/Jetsan/AppData/Local
/Programs/MiKTeX/fonts/type1/public/amsfonts/cm/cmmi5.pfb><C:/Users/Jetsan/AppD
ata/Local/Programs/MiKTeX/fonts/type1/public/amsfonts/cm/cmmi7.pfb><C:/Users/Je
tsan/AppData/Local/Programs/MiKTeX/fonts/type1/public/amsfonts/cm/cmr10.pfb><C:
/Users/Jetsan/AppData/Local/Programs/MiKTeX/fonts/type1/public/amsfonts/cm/cmr1
7.pfb><C:/Users/Jetsan/AppData/Local/Programs/MiKTeX/fonts/type1/public/amsfont
s/cm/cmr5.pfb><C:/Users/Jetsan/AppData/Local/Programs/MiKTeX/fonts/type1/public
/amsfonts/cm/cmr7.pfb><C:/Users/Jetsan/AppData/Local/Programs/MiKTeX/fonts/type
1/public/amsfonts/cm/cmsy10.pfb><C:/Users/Jetsan/AppData/Local/Programs/MiKTeX/
fonts/type1/public/amsfonts/cm/cmsy7.pfb><C:/Users/Jetsan/AppData/Local/Program
s/MiKTeX/fonts/type1/public/amsfonts/cm/cmtt9.pfb>
Output written on HW2.pdf (17 pages, 1909349 bytes).
PDF statistics:
 257 PDF objects out of 1000 (max. 8388607)
 73 named destinations out of 1000 (max. 500000)
 91 words of extra memory for PDF output out of 10000 (max. 10000000)

